2014-07-21 16:25:50
Full thread dump Java HotSpot(TM) 64-Bit Server VM (24.60-b09 mixed mode):

"Attach Listener" daemon prio=10 tid=0x00007fd5fc0aa000 nid=0x3a0d waiting on condition [0x0000000000000000]
   java.lang.Thread.State: RUNNABLE

   Locked ownable synchronizers:
	- None

"MySQL Statement Cancellation Timer" daemon prio=10 tid=0x00007fd5fc069800 nid=0x3371 in Object.wait() [0x00007fd614b46000]
   java.lang.Thread.State: WAITING (on object monitor)
	at java.lang.Object.wait(Native Method)
	- waiting on <0x00000000cc4d6bb8> (a java.util.TaskQueue)
	at java.lang.Object.wait(Object.java:503)
	at java.util.TimerThread.mainLoop(Timer.java:526)
	- locked <0x00000000cc4d6bb8> (a java.util.TaskQueue)
	at java.util.TimerThread.run(Timer.java:505)

   Locked ownable synchronizers:
	- None

"teiid-async-threads - 4" prio=10 tid=0x00007fd5c4029000 nid=0x3370 waiting on condition [0x00007fd614a45000]
   java.lang.Thread.State: WAITING (parking)
	at sun.misc.Unsafe.park(Native Method)
	- parking to wait for  <0x00000000cb7b0d00> (a java.util.concurrent.locks.AbstractQueuedSynchronizer$ConditionObject)
	at java.util.concurrent.locks.LockSupport.park(LockSupport.java:186)
	at java.util.concurrent.locks.AbstractQueuedSynchronizer$ConditionObject.await(AbstractQueuedSynchronizer.java:2043)
	at org.jboss.threads.QueueExecutor.takeTask(QueueExecutor.java:746)
	at org.jboss.threads.QueueExecutor.access$400(QueueExecutor.java:45)
	at org.jboss.threads.QueueExecutor$Worker.run(QueueExecutor.java:840)
	at java.lang.Thread.run(Thread.java:745)
	at org.jboss.threads.JBossThread.run(JBossThread.java:122)

   Locked ownable synchronizers:
	- None

"teiid-async-threads - 3" prio=10 tid=0x00007fd5cc134800 nid=0x31b8 waiting on condition [0x00007fd597e95000]
   java.lang.Thread.State: WAITING (parking)
	at sun.misc.Unsafe.park(Native Method)
	- parking to wait for  <0x00000000cb7b0d00> (a java.util.concurrent.locks.AbstractQueuedSynchronizer$ConditionObject)
	at java.util.concurrent.locks.LockSupport.park(LockSupport.java:186)
	at java.util.concurrent.locks.AbstractQueuedSynchronizer$ConditionObject.await(AbstractQueuedSynchronizer.java:2043)
	at org.jboss.threads.QueueExecutor.takeTask(QueueExecutor.java:746)
	at org.jboss.threads.QueueExecutor.access$400(QueueExecutor.java:45)
	at org.jboss.threads.QueueExecutor$Worker.run(QueueExecutor.java:840)
	at java.lang.Thread.run(Thread.java:745)
	at org.jboss.threads.JBossThread.run(JBossThread.java:122)

   Locked ownable synchronizers:
	- None

"teiid-async-threads - 2" prio=10 tid=0x00007fd5cc13e800 nid=0x31b7 waiting on condition [0x00007fd597f96000]
   java.lang.Thread.State: WAITING (parking)
	at sun.misc.Unsafe.park(Native Method)
	- parking to wait for  <0x00000000cb7b0d00> (a java.util.concurrent.locks.AbstractQueuedSynchronizer$ConditionObject)
	at java.util.concurrent.locks.LockSupport.park(LockSupport.java:186)
	at java.util.concurrent.locks.AbstractQueuedSynchronizer$ConditionObject.await(AbstractQueuedSynchronizer.java:2043)
	at org.jboss.threads.QueueExecutor.takeTask(QueueExecutor.java:746)
	at org.jboss.threads.QueueExecutor.access$400(QueueExecutor.java:45)
	at org.jboss.threads.QueueExecutor$Worker.run(QueueExecutor.java:840)
	at java.lang.Thread.run(Thread.java:745)
	at org.jboss.threads.JBossThread.run(JBossThread.java:122)

   Locked ownable synchronizers:
	- None

"teiid-async-threads - 1" prio=10 tid=0x00007fd5d4227000 nid=0x31b6 waiting on condition [0x00007fd598097000]
   java.lang.Thread.State: WAITING (parking)
	at sun.misc.Unsafe.park(Native Method)
	- parking to wait for  <0x00000000cb7b0d00> (a java.util.concurrent.locks.AbstractQueuedSynchronizer$ConditionObject)
	at java.util.concurrent.locks.LockSupport.park(LockSupport.java:186)
	at java.util.concurrent.locks.AbstractQueuedSynchronizer$ConditionObject.await(AbstractQueuedSynchronizer.java:2043)
	at org.jboss.threads.QueueExecutor.takeTask(QueueExecutor.java:746)
	at org.jboss.threads.QueueExecutor.access$400(QueueExecutor.java:45)
	at org.jboss.threads.QueueExecutor$Worker.run(QueueExecutor.java:840)
	at java.lang.Thread.run(Thread.java:745)
	at org.jboss.threads.JBossThread.run(JBossThread.java:122)

   Locked ownable synchronizers:
	- None

"Thread-253" prio=10 tid=0x00007fd5c002c000 nid=0x31b4 runnable [0x00007fd598299000]
   java.lang.Thread.State: RUNNABLE
	at sun.nio.ch.EPollArrayWrapper.epollWait(Native Method)
	at sun.nio.ch.EPollArrayWrapper.poll(EPollArrayWrapper.java:269)
	at sun.nio.ch.EPollSelectorImpl.doSelect(EPollSelectorImpl.java:79)
	at sun.nio.ch.SelectorImpl.lockAndDoSelect(SelectorImpl.java:87)
	- locked <0x00000000cc041880> (a sun.nio.ch.Util$2)
	- locked <0x00000000cc041870> (a java.util.Collections$UnmodifiableSet)
	- locked <0x00000000cc0416c8> (a sun.nio.ch.EPollSelectorImpl)
	at sun.nio.ch.SelectorImpl.select(SelectorImpl.java:98)
	at org.jboss.sun.net.httpserver.ServerImpl$Dispatcher.run(ServerImpl.java:382)
	at java.lang.Thread.run(Thread.java:745)

   Locked ownable synchronizers:
	- None

"server-timer" daemon prio=10 tid=0x00007fd5c002b000 nid=0x31b3 in Object.wait() [0x00007fd59839a000]
   java.lang.Thread.State: TIMED_WAITING (on object monitor)
	at java.lang.Object.wait(Native Method)
	- waiting on <0x00000000cc03c930> (a java.util.TaskQueue)
	at java.util.TimerThread.mainLoop(Timer.java:552)
	- locked <0x00000000cc03c930> (a java.util.TaskQueue)
	at java.util.TimerThread.run(Timer.java:505)

   Locked ownable synchronizers:
	- None

"New I/O server boss #30" daemon prio=10 tid=0x00007fd5d0248000 nid=0x31b1 runnable [0x00007fd59849b000]
   java.lang.Thread.State: RUNNABLE
	at sun.nio.ch.EPollArrayWrapper.epollWait(Native Method)
	at sun.nio.ch.EPollArrayWrapper.poll(EPollArrayWrapper.java:269)
	at sun.nio.ch.EPollSelectorImpl.doSelect(EPollSelectorImpl.java:79)
	at sun.nio.ch.SelectorImpl.lockAndDoSelect(SelectorImpl.java:87)
	- locked <0x00000000cc045828> (a sun.nio.ch.Util$2)
	- locked <0x00000000cc045818> (a java.util.Collections$UnmodifiableSet)
	- locked <0x00000000cc045690> (a sun.nio.ch.EPollSelectorImpl)
	at sun.nio.ch.SelectorImpl.select(SelectorImpl.java:98)
	at sun.nio.ch.SelectorImpl.select(SelectorImpl.java:102)
	at org.jboss.netty.channel.socket.nio.NioServerBoss.select(NioServerBoss.java:163)
	at org.jboss.netty.channel.socket.nio.AbstractNioSelector.run(AbstractNioSelector.java:206)
	at org.jboss.netty.channel.socket.nio.NioServerBoss.run(NioServerBoss.java:42)
	at org.jboss.netty.util.ThreadRenamingRunnable.run(ThreadRenamingRunnable.java:108)
	at org.jboss.netty.util.internal.DeadLockProofWorker$1.run(DeadLockProofWorker.java:42)
	at java.util.concurrent.ThreadPoolExecutor.runWorker(ThreadPoolExecutor.java:1145)
	at java.util.concurrent.ThreadPoolExecutor$Worker.run(ThreadPoolExecutor.java:615)
	at java.lang.Thread.run(Thread.java:745)

   Locked ownable synchronizers:
	- <0x00000000cc043470> (a java.util.concurrent.ThreadPoolExecutor$Worker)

"New I/O worker #29" daemon prio=10 tid=0x00007fd5d0229800 nid=0x31b0 runnable [0x00007fd59859c000]
   java.lang.Thread.State: RUNNABLE
	at sun.nio.ch.EPollArrayWrapper.epollWait(Native Method)
	at sun.nio.ch.EPollArrayWrapper.poll(EPollArrayWrapper.java:269)
	at sun.nio.ch.EPollSelectorImpl.doSelect(EPollSelectorImpl.java:79)
	at sun.nio.ch.SelectorImpl.lockAndDoSelect(SelectorImpl.java:87)
	- locked <0x00000000cc04ae78> (a sun.nio.ch.Util$2)
	- locked <0x00000000cc04ae68> (a java.util.Collections$UnmodifiableSet)
	- locked <0x00000000cc04ad50> (a sun.nio.ch.EPollSelectorImpl)
	at sun.nio.ch.SelectorImpl.select(SelectorImpl.java:98)
	at org.jboss.netty.channel.socket.nio.SelectorUtil.select(SelectorUtil.java:64)
	at org.jboss.netty.channel.socket.nio.AbstractNioSelector.select(AbstractNioSelector.java:409)
	at org.jboss.netty.channel.socket.nio.AbstractNioSelector.run(AbstractNioSelector.java:206)
	at org.jboss.netty.channel.socket.nio.AbstractNioWorker.run(AbstractNioWorker.java:90)
	at org.jboss.netty.channel.socket.nio.NioWorker.run(NioWorker.java:178)
	at org.jboss.netty.util.ThreadRenamingRunnable.run(ThreadRenamingRunnable.java:108)
	at org.jboss.netty.util.internal.DeadLockProofWorker$1.run(DeadLockProofWorker.java:42)
	at java.util.concurrent.ThreadPoolExecutor.runWorker(ThreadPoolExecutor.java:1145)
	at java.util.concurrent.ThreadPoolExecutor$Worker.run(ThreadPoolExecutor.java:615)
	at java.lang.Thread.run(Thread.java:745)

   Locked ownable synchronizers:
	- <0x00000000cc04ab60> (a java.util.concurrent.ThreadPoolExecutor$Worker)

"New I/O worker #28" daemon prio=10 tid=0x00007fd5d020b800 nid=0x31af runnable [0x00007fd59879e000]
   java.lang.Thread.State: RUNNABLE
	at sun.nio.ch.EPollArrayWrapper.epollWait(Native Method)
	at sun.nio.ch.EPollArrayWrapper.poll(EPollArrayWrapper.java:269)
	at sun.nio.ch.EPollSelectorImpl.doSelect(EPollSelectorImpl.java:79)
	at sun.nio.ch.SelectorImpl.lockAndDoSelect(SelectorImpl.java:87)
	- locked <0x00000000cc046e40> (a sun.nio.ch.Util$2)
	- locked <0x00000000cc046e30> (a java.util.Collections$UnmodifiableSet)
	- locked <0x00000000cc046d18> (a sun.nio.ch.EPollSelectorImpl)
	at sun.nio.ch.SelectorImpl.select(SelectorImpl.java:98)
	at org.jboss.netty.channel.socket.nio.SelectorUtil.select(SelectorUtil.java:64)
	at org.jboss.netty.channel.socket.nio.AbstractNioSelector.select(AbstractNioSelector.java:409)
	at org.jboss.netty.channel.socket.nio.AbstractNioSelector.run(AbstractNioSelector.java:206)
	at org.jboss.netty.channel.socket.nio.AbstractNioWorker.run(AbstractNioWorker.java:90)
	at org.jboss.netty.channel.socket.nio.NioWorker.run(NioWorker.java:178)
	at org.jboss.netty.util.ThreadRenamingRunnable.run(ThreadRenamingRunnable.java:108)
	at org.jboss.netty.util.internal.DeadLockProofWorker$1.run(DeadLockProofWorker.java:42)
	at java.util.concurrent.ThreadPoolExecutor.runWorker(ThreadPoolExecutor.java:1145)
	at java.util.concurrent.ThreadPoolExecutor$Worker.run(ThreadPoolExecutor.java:615)
	at java.lang.Thread.run(Thread.java:745)

   Locked ownable synchronizers:
	- <0x00000000cc046b28> (a java.util.concurrent.ThreadPoolExecutor$Worker)

"New I/O worker #27" daemon prio=10 tid=0x00007fd5d01dc800 nid=0x31ae runnable [0x00007fd59889f000]
   java.lang.Thread.State: RUNNABLE
	at sun.nio.ch.EPollArrayWrapper.epollWait(Native Method)
	at sun.nio.ch.EPollArrayWrapper.poll(EPollArrayWrapper.java:269)
	at sun.nio.ch.EPollSelectorImpl.doSelect(EPollSelectorImpl.java:79)
	at sun.nio.ch.SelectorImpl.lockAndDoSelect(SelectorImpl.java:87)
	- locked <0x00000000cc049918> (a sun.nio.ch.Util$2)
	- locked <0x00000000cc049908> (a java.util.Collections$UnmodifiableSet)
	- locked <0x00000000cc0497f0> (a sun.nio.ch.EPollSelectorImpl)
	at sun.nio.ch.SelectorImpl.select(SelectorImpl.java:98)
	at org.jboss.netty.channel.socket.nio.SelectorUtil.select(SelectorUtil.java:64)
	at org.jboss.netty.channel.socket.nio.AbstractNioSelector.select(AbstractNioSelector.java:409)
	at org.jboss.netty.channel.socket.nio.AbstractNioSelector.run(AbstractNioSelector.java:206)
	at org.jboss.netty.channel.socket.nio.AbstractNioWorker.run(AbstractNioWorker.java:90)
	at org.jboss.netty.channel.socket.nio.NioWorker.run(NioWorker.java:178)
	at org.jboss.netty.util.ThreadRenamingRunnable.run(ThreadRenamingRunnable.java:108)
	at org.jboss.netty.util.internal.DeadLockProofWorker$1.run(DeadLockProofWorker.java:42)
	at java.util.concurrent.ThreadPoolExecutor.runWorker(ThreadPoolExecutor.java:1145)
	at java.util.concurrent.ThreadPoolExecutor$Worker.run(ThreadPoolExecutor.java:615)
	at java.lang.Thread.run(Thread.java:745)

   Locked ownable synchronizers:
	- <0x00000000cc0475c8> (a java.util.concurrent.ThreadPoolExecutor$Worker)

"New I/O worker #26" daemon prio=10 tid=0x00007fd5d01ce000 nid=0x31ad runnable [0x00007fd5989a0000]
   java.lang.Thread.State: RUNNABLE
	at sun.nio.ch.EPollArrayWrapper.epollWait(Native Method)
	at sun.nio.ch.EPollArrayWrapper.poll(EPollArrayWrapper.java:269)
	at sun.nio.ch.EPollSelectorImpl.doSelect(EPollSelectorImpl.java:79)
	at sun.nio.ch.SelectorImpl.lockAndDoSelect(SelectorImpl.java:87)
	- locked <0x00000000cc047390> (a sun.nio.ch.Util$2)
	- locked <0x00000000cc047380> (a java.util.Collections$UnmodifiableSet)
	- locked <0x00000000cc047268> (a sun.nio.ch.EPollSelectorImpl)
	at sun.nio.ch.SelectorImpl.select(SelectorImpl.java:98)
	at org.jboss.netty.channel.socket.nio.SelectorUtil.select(SelectorUtil.java:64)
	at org.jboss.netty.channel.socket.nio.AbstractNioSelector.select(AbstractNioSelector.java:409)
	at org.jboss.netty.channel.socket.nio.AbstractNioSelector.run(AbstractNioSelector.java:206)
	at org.jboss.netty.channel.socket.nio.AbstractNioWorker.run(AbstractNioWorker.java:90)
	at org.jboss.netty.channel.socket.nio.NioWorker.run(NioWorker.java:178)
	at org.jboss.netty.util.ThreadRenamingRunnable.run(ThreadRenamingRunnable.java:108)
	at org.jboss.netty.util.internal.DeadLockProofWorker$1.run(DeadLockProofWorker.java:42)
	at java.util.concurrent.ThreadPoolExecutor.runWorker(ThreadPoolExecutor.java:1145)
	at java.util.concurrent.ThreadPoolExecutor$Worker.run(ThreadPoolExecutor.java:615)
	at java.lang.Thread.run(Thread.java:745)

   Locked ownable synchronizers:
	- <0x00000000cc047078> (a java.util.concurrent.ThreadPoolExecutor$Worker)

"SessionMonitor" daemon prio=10 tid=0x00007fd5d015b000 nid=0x31ac in Object.wait() [0x00007fd598ca3000]
   java.lang.Thread.State: TIMED_WAITING (on object monitor)
	at java.lang.Object.wait(Native Method)
	- waiting on <0x00000000cc04cf00> (a java.util.TaskQueue)
	at java.util.TimerThread.mainLoop(Timer.java:552)
	- locked <0x00000000cc04cf00> (a java.util.TaskQueue)
	at java.util.TimerThread.run(Timer.java:505)

   Locked ownable synchronizers:
	- None

"New I/O server boss #25" daemon prio=10 tid=0x00007fd5bc098800 nid=0x31ab runnable [0x00007fd59a2bd000]
   java.lang.Thread.State: RUNNABLE
	at sun.nio.ch.EPollArrayWrapper.epollWait(Native Method)
	at sun.nio.ch.EPollArrayWrapper.poll(EPollArrayWrapper.java:269)
	at sun.nio.ch.EPollSelectorImpl.doSelect(EPollSelectorImpl.java:79)
	at sun.nio.ch.SelectorImpl.lockAndDoSelect(SelectorImpl.java:87)
	- locked <0x00000000cc04dad8> (a sun.nio.ch.Util$2)
	- locked <0x00000000cc04dac8> (a java.util.Collections$UnmodifiableSet)
	- locked <0x00000000cc04d940> (a sun.nio.ch.EPollSelectorImpl)
	at sun.nio.ch.SelectorImpl.select(SelectorImpl.java:98)
	at sun.nio.ch.SelectorImpl.select(SelectorImpl.java:102)
	at org.jboss.netty.channel.socket.nio.NioServerBoss.select(NioServerBoss.java:163)
	at org.jboss.netty.channel.socket.nio.AbstractNioSelector.run(AbstractNioSelector.java:206)
	at org.jboss.netty.channel.socket.nio.NioServerBoss.run(NioServerBoss.java:42)
	at org.jboss.netty.util.ThreadRenamingRunnable.run(ThreadRenamingRunnable.java:108)
	at org.jboss.netty.util.internal.DeadLockProofWorker$1.run(DeadLockProofWorker.java:42)
	at java.util.concurrent.ThreadPoolExecutor.runWorker(ThreadPoolExecutor.java:1145)
	at java.util.concurrent.ThreadPoolExecutor$Worker.run(ThreadPoolExecutor.java:615)
	at java.lang.Thread.run(Thread.java:745)

   Locked ownable synchronizers:
	- <0x00000000cc04d758> (a java.util.concurrent.ThreadPoolExecutor$Worker)

"New I/O worker #24" daemon prio=10 tid=0x00007fd5bc097000 nid=0x31aa runnable [0x00007fd59a3e2000]
   java.lang.Thread.State: RUNNABLE
	at sun.nio.ch.EPollArrayWrapper.epollWait(Native Method)
	at sun.nio.ch.EPollArrayWrapper.poll(EPollArrayWrapper.java:269)
	at sun.nio.ch.EPollSelectorImpl.doSelect(EPollSelectorImpl.java:79)
	at sun.nio.ch.SelectorImpl.lockAndDoSelect(SelectorImpl.java:87)
	- locked <0x00000000cc04e0d0> (a sun.nio.ch.Util$2)
	- locked <0x00000000cc04e0c0> (a java.util.Collections$UnmodifiableSet)
	- locked <0x00000000cc04dfa8> (a sun.nio.ch.EPollSelectorImpl)
	at sun.nio.ch.SelectorImpl.select(SelectorImpl.java:98)
	at org.jboss.netty.channel.socket.nio.SelectorUtil.select(SelectorUtil.java:64)
	at org.jboss.netty.channel.socket.nio.AbstractNioSelector.select(AbstractNioSelector.java:409)
	at org.jboss.netty.channel.socket.nio.AbstractNioSelector.run(AbstractNioSelector.java:206)
	at org.jboss.netty.channel.socket.nio.AbstractNioWorker.run(AbstractNioWorker.java:90)
	at org.jboss.netty.channel.socket.nio.NioWorker.run(NioWorker.java:178)
	at org.jboss.netty.util.ThreadRenamingRunnable.run(ThreadRenamingRunnable.java:108)
	at org.jboss.netty.util.internal.DeadLockProofWorker$1.run(DeadLockProofWorker.java:42)
	at java.util.concurrent.ThreadPoolExecutor.runWorker(ThreadPoolExecutor.java:1145)
	at java.util.concurrent.ThreadPoolExecutor$Worker.run(ThreadPoolExecutor.java:615)
	at java.lang.Thread.run(Thread.java:745)

   Locked ownable synchronizers:
	- <0x00000000cc04ddc8> (a java.util.concurrent.ThreadPoolExecutor$Worker)

"New I/O worker #23" daemon prio=10 tid=0x00007fd5bc219800 nid=0x31a9 runnable [0x00007fd59afee000]
   java.lang.Thread.State: RUNNABLE
	at sun.nio.ch.EPollArrayWrapper.epollWait(Native Method)
	at sun.nio.ch.EPollArrayWrapper.poll(EPollArrayWrapper.java:269)
	at sun.nio.ch.EPollSelectorImpl.doSelect(EPollSelectorImpl.java:79)
	at sun.nio.ch.SelectorImpl.lockAndDoSelect(SelectorImpl.java:87)
	- locked <0x00000000cc04e610> (a sun.nio.ch.Util$2)
	- locked <0x00000000cc04e600> (a java.util.Collections$UnmodifiableSet)
	- locked <0x00000000cc04e4e8> (a sun.nio.ch.EPollSelectorImpl)
	at sun.nio.ch.SelectorImpl.select(SelectorImpl.java:98)
	at org.jboss.netty.channel.socket.nio.SelectorUtil.select(SelectorUtil.java:64)
	at org.jboss.netty.channel.socket.nio.AbstractNioSelector.select(AbstractNioSelector.java:409)
	at org.jboss.netty.channel.socket.nio.AbstractNioSelector.run(AbstractNioSelector.java:206)
	at org.jboss.netty.channel.socket.nio.AbstractNioWorker.run(AbstractNioWorker.java:90)
	at org.jboss.netty.channel.socket.nio.NioWorker.run(NioWorker.java:178)
	at org.jboss.netty.util.ThreadRenamingRunnable.run(ThreadRenamingRunnable.java:108)
	at org.jboss.netty.util.internal.DeadLockProofWorker$1.run(DeadLockProofWorker.java:42)
	at java.util.concurrent.ThreadPoolExecutor.runWorker(ThreadPoolExecutor.java:1145)
	at java.util.concurrent.ThreadPoolExecutor$Worker.run(ThreadPoolExecutor.java:615)
	at java.lang.Thread.run(Thread.java:745)

   Locked ownable synchronizers:
	- <0x00000000cc04e308> (a java.util.concurrent.ThreadPoolExecutor$Worker)

"New I/O worker #22" daemon prio=10 tid=0x00007fd5bc218000 nid=0x31a8 runnable [0x00007fd59b1f0000]
   java.lang.Thread.State: RUNNABLE
	at sun.nio.ch.EPollArrayWrapper.epollWait(Native Method)
	at sun.nio.ch.EPollArrayWrapper.poll(EPollArrayWrapper.java:269)
	at sun.nio.ch.EPollSelectorImpl.doSelect(EPollSelectorImpl.java:79)
	at sun.nio.ch.SelectorImpl.lockAndDoSelect(SelectorImpl.java:87)
	- locked <0x00000000cc051ba0> (a sun.nio.ch.Util$2)
	- locked <0x00000000cc051b90> (a java.util.Collections$UnmodifiableSet)
	- locked <0x00000000cc051a78> (a sun.nio.ch.EPollSelectorImpl)
	at sun.nio.ch.SelectorImpl.select(SelectorImpl.java:98)
	at org.jboss.netty.channel.socket.nio.SelectorUtil.select(SelectorUtil.java:64)
	at org.jboss.netty.channel.socket.nio.AbstractNioSelector.select(AbstractNioSelector.java:409)
	at org.jboss.netty.channel.socket.nio.AbstractNioSelector.run(AbstractNioSelector.java:206)
	at org.jboss.netty.channel.socket.nio.AbstractNioWorker.run(AbstractNioWorker.java:90)
	at org.jboss.netty.channel.socket.nio.NioWorker.run(NioWorker.java:178)
	at org.jboss.netty.util.ThreadRenamingRunnable.run(ThreadRenamingRunnable.java:108)
	at org.jboss.netty.util.internal.DeadLockProofWorker$1.run(DeadLockProofWorker.java:42)
	at java.util.concurrent.ThreadPoolExecutor.runWorker(ThreadPoolExecutor.java:1145)
	at java.util.concurrent.ThreadPoolExecutor$Worker.run(ThreadPoolExecutor.java:615)
	at java.lang.Thread.run(Thread.java:745)

   Locked ownable synchronizers:
	- <0x00000000cc051898> (a java.util.concurrent.ThreadPoolExecutor$Worker)

"New I/O worker #21" daemon prio=10 tid=0x00007fd5bc217000 nid=0x31a7 runnable [0x00007fd59b3f2000]
   java.lang.Thread.State: RUNNABLE
	at sun.nio.ch.EPollArrayWrapper.epollWait(Native Method)
	at sun.nio.ch.EPollArrayWrapper.poll(EPollArrayWrapper.java:269)
	at sun.nio.ch.EPollSelectorImpl.doSelect(EPollSelectorImpl.java:79)
	at sun.nio.ch.SelectorImpl.lockAndDoSelect(SelectorImpl.java:87)
	- locked <0x00000000cc0520e0> (a sun.nio.ch.Util$2)
	- locked <0x00000000cc0520d0> (a java.util.Collections$UnmodifiableSet)
	- locked <0x00000000cc051fb8> (a sun.nio.ch.EPollSelectorImpl)
	at sun.nio.ch.SelectorImpl.select(SelectorImpl.java:98)
	at org.jboss.netty.channel.socket.nio.SelectorUtil.select(SelectorUtil.java:64)
	at org.jboss.netty.channel.socket.nio.AbstractNioSelector.select(AbstractNioSelector.java:409)
	at org.jboss.netty.channel.socket.nio.AbstractNioSelector.run(AbstractNioSelector.java:206)
	at org.jboss.netty.channel.socket.nio.AbstractNioWorker.run(AbstractNioWorker.java:90)
	at org.jboss.netty.channel.socket.nio.NioWorker.run(NioWorker.java:178)
	at org.jboss.netty.util.ThreadRenamingRunnable.run(ThreadRenamingRunnable.java:108)
	at org.jboss.netty.util.internal.DeadLockProofWorker$1.run(DeadLockProofWorker.java:42)
	at java.util.concurrent.ThreadPoolExecutor.runWorker(ThreadPoolExecutor.java:1145)
	at java.util.concurrent.ThreadPoolExecutor$Worker.run(ThreadPoolExecutor.java:615)
	at java.lang.Thread.run(Thread.java:745)

   Locked ownable synchronizers:
	- <0x00000000cc051dd8> (a java.util.concurrent.ThreadPoolExecutor$Worker)

"SessionMonitor" daemon prio=10 tid=0x00007fd5bc216800 nid=0x31a6 in Object.wait() [0x00007fd59b7f6000]
   java.lang.Thread.State: TIMED_WAITING (on object monitor)
	at java.lang.Object.wait(Native Method)
	- waiting on <0x00000000cc054b48> (a java.util.TaskQueue)
	at java.util.TimerThread.mainLoop(Timer.java:552)
	- locked <0x00000000cc054b48> (a java.util.TaskQueue)
	at java.util.TimerThread.run(Timer.java:505)

   Locked ownable synchronizers:
	- None

"SessionMonitor" daemon prio=10 tid=0x00007fd5bc122800 nid=0x31a5 in Object.wait() [0x00007fd59b8f7000]
   java.lang.Thread.State: TIMED_WAITING (on object monitor)
	at java.lang.Object.wait(Native Method)
	- waiting on <0x00000000cc055268> (a java.util.TaskQueue)
	at java.util.TimerThread.mainLoop(Timer.java:552)
	- locked <0x00000000cc055268> (a java.util.TaskQueue)
	at java.util.TimerThread.run(Timer.java:505)

   Locked ownable synchronizers:
	- None

"SessionMonitor" daemon prio=10 tid=0x00007fd5bc1e7000 nid=0x31a4 in Object.wait() [0x00007fd5f042c000]
   java.lang.Thread.State: TIMED_WAITING (on object monitor)
	at java.lang.Object.wait(Native Method)
	- waiting on <0x00000000cc055728> (a java.util.TaskQueue)
	at java.util.TimerThread.mainLoop(Timer.java:552)
	- locked <0x00000000cc055728> (a java.util.TaskQueue)
	at java.util.TimerThread.run(Timer.java:505)

   Locked ownable synchronizers:
	- None

"TxCleanupService,resultset-repl,local" daemon prio=10 tid=0x00007fd5fc036800 nid=0x31a3 waiting on condition [0x00007fd5f0851000]
   java.lang.Thread.State: TIMED_WAITING (parking)
	at sun.misc.Unsafe.park(Native Method)
	- parking to wait for  <0x00000000cb756050> (a java.util.concurrent.locks.AbstractQueuedSynchronizer$ConditionObject)
	at java.util.concurrent.locks.LockSupport.parkNanos(LockSupport.java:226)
	at java.util.concurrent.locks.AbstractQueuedSynchronizer$ConditionObject.awaitNanos(AbstractQueuedSynchronizer.java:2082)
	at java.util.concurrent.ScheduledThreadPoolExecutor$DelayedWorkQueue.take(ScheduledThreadPoolExecutor.java:1090)
	at java.util.concurrent.ScheduledThreadPoolExecutor$DelayedWorkQueue.take(ScheduledThreadPoolExecutor.java:807)
	at java.util.concurrent.ThreadPoolExecutor.getTask(ThreadPoolExecutor.java:1068)
	at java.util.concurrent.ThreadPoolExecutor.runWorker(ThreadPoolExecutor.java:1130)
	at java.util.concurrent.ThreadPoolExecutor$Worker.run(ThreadPoolExecutor.java:615)
	at java.lang.Thread.run(Thread.java:745)

   Locked ownable synchronizers:
	- None

"TxCleanupService,preparedplan,local" daemon prio=10 tid=0x00007fd5dc013800 nid=0x31a2 waiting on condition [0x00007fd5f1920000]
   java.lang.Thread.State: TIMED_WAITING (parking)
	at sun.misc.Unsafe.park(Native Method)
	- parking to wait for  <0x00000000cb751a70> (a java.util.concurrent.locks.AbstractQueuedSynchronizer$ConditionObject)
	at java.util.concurrent.locks.LockSupport.parkNanos(LockSupport.java:226)
	at java.util.concurrent.locks.AbstractQueuedSynchronizer$ConditionObject.awaitNanos(AbstractQueuedSynchronizer.java:2082)
	at java.util.concurrent.ScheduledThreadPoolExecutor$DelayedWorkQueue.take(ScheduledThreadPoolExecutor.java:1090)
	at java.util.concurrent.ScheduledThreadPoolExecutor$DelayedWorkQueue.take(ScheduledThreadPoolExecutor.java:807)
	at java.util.concurrent.ThreadPoolExecutor.getTask(ThreadPoolExecutor.java:1068)
	at java.util.concurrent.ThreadPoolExecutor.runWorker(ThreadPoolExecutor.java:1130)
	at java.util.concurrent.ThreadPoolExecutor$Worker.run(ThreadPoolExecutor.java:615)
	at java.lang.Thread.run(Thread.java:745)

   Locked ownable synchronizers:
	- None

"Scheduled-eviction-thread-2" daemon prio=10 tid=0x00007fd5dc018000 nid=0x31a1 waiting on condition [0x00007fd5f1a21000]
   java.lang.Thread.State: TIMED_WAITING (parking)
	at sun.misc.Unsafe.park(Native Method)
	- parking to wait for  <0x00000000cb755dc0> (a java.util.concurrent.locks.AbstractQueuedSynchronizer$ConditionObject)
	at java.util.concurrent.locks.LockSupport.parkNanos(LockSupport.java:226)
	at java.util.concurrent.locks.AbstractQueuedSynchronizer$ConditionObject.awaitNanos(AbstractQueuedSynchronizer.java:2082)
	at java.util.concurrent.ScheduledThreadPoolExecutor$DelayedWorkQueue.take(ScheduledThreadPoolExecutor.java:1090)
	at java.util.concurrent.ScheduledThreadPoolExecutor$DelayedWorkQueue.take(ScheduledThreadPoolExecutor.java:807)
	at java.util.concurrent.ThreadPoolExecutor.getTask(ThreadPoolExecutor.java:1068)
	at java.util.concurrent.ThreadPoolExecutor.runWorker(ThreadPoolExecutor.java:1130)
	at java.util.concurrent.ThreadPoolExecutor$Worker.run(ThreadPoolExecutor.java:615)
	at java.lang.Thread.run(Thread.java:745)

   Locked ownable synchronizers:
	- None

"TxCleanupService,resultset,local" daemon prio=10 tid=0x00007fd5dc015000 nid=0x31a0 waiting on condition [0x00007fd5f1b22000]
   java.lang.Thread.State: TIMED_WAITING (parking)
	at sun.misc.Unsafe.park(Native Method)
	- parking to wait for  <0x00000000cb5aa498> (a java.util.concurrent.locks.AbstractQueuedSynchronizer$ConditionObject)
	at java.util.concurrent.locks.LockSupport.parkNanos(LockSupport.java:226)
	at java.util.concurrent.locks.AbstractQueuedSynchronizer$ConditionObject.awaitNanos(AbstractQueuedSynchronizer.java:2082)
	at java.util.concurrent.ScheduledThreadPoolExecutor$DelayedWorkQueue.take(ScheduledThreadPoolExecutor.java:1090)
	at java.util.concurrent.ScheduledThreadPoolExecutor$DelayedWorkQueue.take(ScheduledThreadPoolExecutor.java:807)
	at java.util.concurrent.ThreadPoolExecutor.getTask(ThreadPoolExecutor.java:1068)
	at java.util.concurrent.ThreadPoolExecutor.runWorker(ThreadPoolExecutor.java:1130)
	at java.util.concurrent.ThreadPoolExecutor$Worker.run(ThreadPoolExecutor.java:615)
	at java.lang.Thread.run(Thread.java:745)

   Locked ownable synchronizers:
	- None

"http-/127.0.0.1:8080-Acceptor-0" daemon prio=10 tid=0x00007fd5c4095000 nid=0x319f runnable [0x00007fd5f1c23000]
   java.lang.Thread.State: RUNNABLE
	at java.net.PlainSocketImpl.socketAccept(Native Method)
	at java.net.AbstractPlainSocketImpl.accept(AbstractPlainSocketImpl.java:398)
	at java.net.ServerSocket.implAccept(ServerSocket.java:530)
	at java.net.ServerSocket.accept(ServerSocket.java:498)
	at org.apache.tomcat.util.net.DefaultServerSocketFactory.acceptSocket(DefaultServerSocketFactory.java:61)
	at org.apache.tomcat.util.net.JIoEndpoint$Acceptor.run(JIoEndpoint.java:309)
	at java.lang.Thread.run(Thread.java:745)

   Locked ownable synchronizers:
	- None

"http-/127.0.0.1:8080-Poller" daemon prio=10 tid=0x00007fd5c4093800 nid=0x319e in Object.wait() [0x00007fd5f1f6b000]
   java.lang.Thread.State: TIMED_WAITING (on object monitor)
	at java.lang.Object.wait(Native Method)
	- waiting on <0x00000000cba23820> (a org.apache.tomcat.util.net.JIoEndpoint$Poller)
	at org.apache.tomcat.util.net.JIoEndpoint$Poller.run(JIoEndpoint.java:732)
	- locked <0x00000000cba23820> (a org.apache.tomcat.util.net.JIoEndpoint$Poller)
	at java.lang.Thread.run(Thread.java:745)

   Locked ownable synchronizers:
	- None

"Periodic Recovery" prio=10 tid=0x00007fd5c811c000 nid=0x319c in Object.wait() [0x00007fd5f216d000]
   java.lang.Thread.State: TIMED_WAITING (on object monitor)
	at java.lang.Object.wait(Native Method)
	- waiting on <0x00000000cbb95848> (a java.lang.Object)
	at com.arjuna.ats.internal.arjuna.recovery.PeriodicRecovery.doPeriodicWait(PeriodicRecovery.java:672)
	at com.arjuna.ats.internal.arjuna.recovery.PeriodicRecovery.run(PeriodicRecovery.java:392)
	- locked <0x00000000cbb95848> (a java.lang.Object)

   Locked ownable synchronizers:
	- None

"Transaction Expired Entry Monitor" daemon prio=10 tid=0x00007fd5c811b000 nid=0x319b in Object.wait() [0x00007fd6141e5000]
   java.lang.Thread.State: TIMED_WAITING (on object monitor)
	at java.lang.Object.wait(Native Method)
	- waiting on <0x00000000cbba5c00> (a com.arjuna.ats.internal.arjuna.recovery.ExpiredEntryMonitor)
	at com.arjuna.ats.internal.arjuna.recovery.ExpiredEntryMonitor.run(ExpiredEntryMonitor.java:190)
	- locked <0x00000000cbba5c00> (a com.arjuna.ats.internal.arjuna.recovery.ExpiredEntryMonitor)

   Locked ownable synchronizers:
	- None

"Remoting "kylin" write-1" prio=10 tid=0x00007fd5d015a800 nid=0x3198 runnable [0x00007fd6144e8000]
   java.lang.Thread.State: RUNNABLE
	at sun.nio.ch.EPollArrayWrapper.epollWait(Native Method)
	at sun.nio.ch.EPollArrayWrapper.poll(EPollArrayWrapper.java:269)
	at sun.nio.ch.EPollSelectorImpl.doSelect(EPollSelectorImpl.java:79)
	at sun.nio.ch.SelectorImpl.lockAndDoSelect(SelectorImpl.java:87)
	- locked <0x00000000cb8dc470> (a sun.nio.ch.Util$2)
	- locked <0x00000000cb8dc460> (a java.util.Collections$UnmodifiableSet)
	- locked <0x00000000cb8dc348> (a sun.nio.ch.EPollSelectorImpl)
	at sun.nio.ch.SelectorImpl.select(SelectorImpl.java:98)
	at sun.nio.ch.SelectorImpl.select(SelectorImpl.java:102)
	at org.xnio.nio.WorkerThread.run(WorkerThread.java:153)

   Locked ownable synchronizers:
	- None

"Remoting "kylin" read-1" prio=10 tid=0x00007fd5d0092800 nid=0x3197 runnable [0x00007fd6146ed000]
   java.lang.Thread.State: RUNNABLE
	at sun.nio.ch.EPollArrayWrapper.epollWait(Native Method)
	at sun.nio.ch.EPollArrayWrapper.poll(EPollArrayWrapper.java:269)
	at sun.nio.ch.EPollSelectorImpl.doSelect(EPollSelectorImpl.java:79)
	at sun.nio.ch.SelectorImpl.lockAndDoSelect(SelectorImpl.java:87)
	- locked <0x00000000cb8cf1b8> (a sun.nio.ch.Util$2)
	- locked <0x00000000cb8cf1a8> (a java.util.Collections$UnmodifiableSet)
	- locked <0x00000000cb8cf080> (a sun.nio.ch.EPollSelectorImpl)
	at sun.nio.ch.SelectorImpl.select(SelectorImpl.java:98)
	at sun.nio.ch.SelectorImpl.select(SelectorImpl.java:102)
	at org.xnio.nio.WorkerThread.run(WorkerThread.java:153)

   Locked ownable synchronizers:
	- None

"ContainerBackgroundProcessor[StandardEngine[jboss.web]]" daemon prio=10 tid=0x00007fd5c0072800 nid=0x3194 waiting on condition [0x00007fd614c47000]
   java.lang.Thread.State: TIMED_WAITING (sleeping)
	at java.lang.Thread.sleep(Native Method)
	at org.apache.catalina.core.ContainerBase$ContainerBackgroundProcessor.run(ContainerBase.java:1563)
	at java.lang.Thread.run(Thread.java:745)

   Locked ownable synchronizers:
	- None

"IdleRemover" daemon prio=10 tid=0x00007fd5c8129000 nid=0x3193 waiting on condition [0x00007fd614d48000]
   java.lang.Thread.State: TIMED_WAITING (parking)
	at sun.misc.Unsafe.park(Native Method)
	- parking to wait for  <0x00000000c05a9770> (a java.util.concurrent.locks.AbstractQueuedSynchronizer$ConditionObject)
	at java.util.concurrent.locks.LockSupport.parkNanos(LockSupport.java:226)
	at java.util.concurrent.locks.AbstractQueuedSynchronizer$ConditionObject.await(AbstractQueuedSynchronizer.java:2176)
	at org.jboss.jca.core.connectionmanager.pool.idle.IdleRemover$IdleRemoverRunner.run(IdleRemover.java:261)
	at java.util.concurrent.ThreadPoolExecutor.runWorker(ThreadPoolExecutor.java:1145)
	at java.util.concurrent.ThreadPoolExecutor$Worker.run(ThreadPoolExecutor.java:615)
	at java.lang.Thread.run(Thread.java:745)

   Locked ownable synchronizers:
	- <0x00000000cbbcb318> (a java.util.concurrent.ThreadPoolExecutor$Worker)

"ConnectionValidator" daemon prio=10 tid=0x00007fd5c01c3000 nid=0x3192 waiting on condition [0x00007fd615136000]
   java.lang.Thread.State: TIMED_WAITING (parking)
	at sun.misc.Unsafe.park(Native Method)
	- parking to wait for  <0x00000000c05a8b60> (a java.util.concurrent.locks.AbstractQueuedSynchronizer$ConditionObject)
	at java.util.concurrent.locks.LockSupport.parkNanos(LockSupport.java:226)
	at java.util.concurrent.locks.AbstractQueuedSynchronizer$ConditionObject.await(AbstractQueuedSynchronizer.java:2176)
	at org.jboss.jca.core.connectionmanager.pool.validator.ConnectionValidator$ConnectionValidatorRunner.run(ConnectionValidator.java:263)
	at java.util.concurrent.ThreadPoolExecutor.runWorker(ThreadPoolExecutor.java:1145)
	at java.util.concurrent.ThreadPoolExecutor$Worker.run(ThreadPoolExecutor.java:615)
	at java.lang.Thread.run(Thread.java:745)

   Locked ownable synchronizers:
	- <0x00000000cbbcb6b8> (a java.util.concurrent.ThreadPoolExecutor$Worker)

"Timer-2" prio=10 tid=0x00007fd5d4195800 nid=0x3191 in Object.wait() [0x00007fd615300000]
   java.lang.Thread.State: WAITING (on object monitor)
	at java.lang.Object.wait(Native Method)
	- waiting on <0x00000000cb8eb5e8> (a java.util.TaskQueue)
	at java.lang.Object.wait(Object.java:503)
	at java.util.TimerThread.mainLoop(Timer.java:526)
	- locked <0x00000000cb8eb5e8> (a java.util.TaskQueue)
	at java.util.TimerThread.run(Timer.java:505)

   Locked ownable synchronizers:
	- None

"Remoting "kylin:MANAGEMENT" write-1" prio=10 tid=0x00007fd5bc1fe800 nid=0x3177 runnable [0x00007fd5f131a000]
   java.lang.Thread.State: RUNNABLE
	at sun.nio.ch.EPollArrayWrapper.epollWait(Native Method)
	at sun.nio.ch.EPollArrayWrapper.poll(EPollArrayWrapper.java:269)
	at sun.nio.ch.EPollSelectorImpl.doSelect(EPollSelectorImpl.java:79)
	at sun.nio.ch.SelectorImpl.lockAndDoSelect(SelectorImpl.java:87)
	- locked <0x00000000cb938e08> (a sun.nio.ch.Util$2)
	- locked <0x00000000cb938df8> (a java.util.Collections$UnmodifiableSet)
	- locked <0x00000000cb938ce0> (a sun.nio.ch.EPollSelectorImpl)
	at sun.nio.ch.SelectorImpl.select(SelectorImpl.java:98)
	at sun.nio.ch.SelectorImpl.select(SelectorImpl.java:102)
	at org.xnio.nio.WorkerThread.run(WorkerThread.java:153)

   Locked ownable synchronizers:
	- None

"Remoting "kylin:MANAGEMENT" read-1" prio=10 tid=0x00007fd5bc109800 nid=0x3176 runnable [0x00007fd5f1219000]
   java.lang.Thread.State: RUNNABLE
	at sun.nio.ch.EPollArrayWrapper.epollWait(Native Method)
	at sun.nio.ch.EPollArrayWrapper.poll(EPollArrayWrapper.java:269)
	at sun.nio.ch.EPollSelectorImpl.doSelect(EPollSelectorImpl.java:79)
	at sun.nio.ch.SelectorImpl.lockAndDoSelect(SelectorImpl.java:87)
	- locked <0x00000000cb9378a0> (a sun.nio.ch.Util$2)
	- locked <0x00000000cb937890> (a java.util.Collections$UnmodifiableSet)
	- locked <0x00000000cb930db8> (a sun.nio.ch.EPollSelectorImpl)
	at sun.nio.ch.SelectorImpl.select(SelectorImpl.java:98)
	at sun.nio.ch.SelectorImpl.select(SelectorImpl.java:102)
	at org.xnio.nio.WorkerThread.run(WorkerThread.java:153)

   Locked ownable synchronizers:
	- None

"DeploymentScanner-threads - 2" prio=10 tid=0x00007fd5fc019000 nid=0x3175 waiting on condition [0x00007fd6145ec000]
   java.lang.Thread.State: TIMED_WAITING (parking)
	at sun.misc.Unsafe.park(Native Method)
	- parking to wait for  <0x00000000cb77e670> (a java.util.concurrent.locks.AbstractQueuedSynchronizer$ConditionObject)
	at java.util.concurrent.locks.LockSupport.parkNanos(LockSupport.java:226)
	at java.util.concurrent.locks.AbstractQueuedSynchronizer$ConditionObject.awaitNanos(AbstractQueuedSynchronizer.java:2082)
	at java.util.concurrent.ScheduledThreadPoolExecutor$DelayedWorkQueue.take(ScheduledThreadPoolExecutor.java:1090)
	at java.util.concurrent.ScheduledThreadPoolExecutor$DelayedWorkQueue.take(ScheduledThreadPoolExecutor.java:807)
	at java.util.concurrent.ThreadPoolExecutor.getTask(ThreadPoolExecutor.java:1068)
	at java.util.concurrent.ThreadPoolExecutor.runWorker(ThreadPoolExecutor.java:1130)
	at java.util.concurrent.ThreadPoolExecutor$Worker.run(ThreadPoolExecutor.java:615)
	at java.lang.Thread.run(Thread.java:745)
	at org.jboss.threads.JBossThread.run(JBossThread.java:122)

   Locked ownable synchronizers:
	- None

"DeploymentScanner-threads - 1" prio=10 tid=0x00007fd60012c800 nid=0x3174 waiting on condition [0x00007fd5f032b000]
   java.lang.Thread.State: WAITING (parking)
	at sun.misc.Unsafe.park(Native Method)
	- parking to wait for  <0x00000000cb77e670> (a java.util.concurrent.locks.AbstractQueuedSynchronizer$ConditionObject)
	at java.util.concurrent.locks.LockSupport.park(LockSupport.java:186)
	at java.util.concurrent.locks.AbstractQueuedSynchronizer$ConditionObject.await(AbstractQueuedSynchronizer.java:2043)
	at java.util.concurrent.ScheduledThreadPoolExecutor$DelayedWorkQueue.take(ScheduledThreadPoolExecutor.java:1085)
	at java.util.concurrent.ScheduledThreadPoolExecutor$DelayedWorkQueue.take(ScheduledThreadPoolExecutor.java:807)
	at java.util.concurrent.ThreadPoolExecutor.getTask(ThreadPoolExecutor.java:1068)
	at java.util.concurrent.ThreadPoolExecutor.runWorker(ThreadPoolExecutor.java:1130)
	at java.util.concurrent.ThreadPoolExecutor$Worker.run(ThreadPoolExecutor.java:615)
	at java.lang.Thread.run(Thread.java:745)
	at org.jboss.threads.JBossThread.run(JBossThread.java:122)

   Locked ownable synchronizers:
	- None

"New I/O server boss #20" daemon prio=10 tid=0x00007fd5cc0aa000 nid=0x3095 runnable [0x00007fd598fa6000]
   java.lang.Thread.State: RUNNABLE
	at sun.nio.ch.EPollArrayWrapper.interrupt(Native Method)
	at sun.nio.ch.EPollArrayWrapper.interrupt(EPollArrayWrapper.java:317)
	at sun.nio.ch.EPollSelectorImpl.wakeup(EPollSelectorImpl.java:193)
	- locked <0x00000000c2029e38> (a java.lang.Object)
	at java.nio.channels.spi.AbstractSelector$1.interrupt(AbstractSelector.java:210)
	at java.nio.channels.spi.AbstractSelector.begin(AbstractSelector.java:216)
	at sun.nio.ch.EPollSelectorImpl.doSelect(EPollSelectorImpl.java:78)
	at sun.nio.ch.SelectorImpl.lockAndDoSelect(SelectorImpl.java:87)
	- locked <0x00000000c2028b78> (a sun.nio.ch.Util$2)
	- locked <0x00000000c2028b68> (a java.util.Collections$UnmodifiableSet)
	- locked <0x00000000c20287a8> (a sun.nio.ch.EPollSelectorImpl)
	at sun.nio.ch.SelectorImpl.select(SelectorImpl.java:98)
	at sun.nio.ch.SelectorImpl.select(SelectorImpl.java:102)
	at org.jboss.netty.channel.socket.nio.NioServerBoss.select(NioServerBoss.java:163)
	at org.jboss.netty.channel.socket.nio.AbstractNioSelector.run(AbstractNioSelector.java:206)
	at org.jboss.netty.channel.socket.nio.NioServerBoss.run(NioServerBoss.java:42)
	at org.jboss.netty.util.ThreadRenamingRunnable.run(ThreadRenamingRunnable.java:108)
	at org.jboss.netty.util.internal.DeadLockProofWorker$1.run(DeadLockProofWorker.java:42)
	at java.util.concurrent.ThreadPoolExecutor.runWorker(ThreadPoolExecutor.java:1145)
	at java.util.concurrent.ThreadPoolExecutor$Worker.run(ThreadPoolExecutor.java:615)
	at java.lang.Thread.run(Thread.java:745)

   Locked ownable synchronizers:
	- <0x00000000c2026550> (a java.util.concurrent.ThreadPoolExecutor$Worker)

"New I/O worker #19" daemon prio=10 tid=0x00007fd5cc0a9800 nid=0x3094 runnable [0x00007fd5990a7000]
   java.lang.Thread.State: RUNNABLE
	at sun.nio.ch.IOUtil.drain(Native Method)
	at sun.nio.ch.EPollSelectorImpl.doSelect(EPollSelectorImpl.java:90)
	- locked <0x00000000c2025fc0> (a java.lang.Object)
	at sun.nio.ch.SelectorImpl.lockAndDoSelect(SelectorImpl.java:87)
	- locked <0x00000000c2025dc8> (a sun.nio.ch.Util$2)
	- locked <0x00000000c2025db8> (a java.util.Collections$UnmodifiableSet)
	- locked <0x00000000c2025ca0> (a sun.nio.ch.EPollSelectorImpl)
	at sun.nio.ch.SelectorImpl.select(SelectorImpl.java:98)
	at org.jboss.netty.channel.socket.nio.SelectorUtil.select(SelectorUtil.java:64)
	at org.jboss.netty.channel.socket.nio.AbstractNioSelector.select(AbstractNioSelector.java:409)
	at org.jboss.netty.channel.socket.nio.AbstractNioSelector.run(AbstractNioSelector.java:206)
	at org.jboss.netty.channel.socket.nio.AbstractNioWorker.run(AbstractNioWorker.java:90)
	at org.jboss.netty.channel.socket.nio.NioWorker.run(NioWorker.java:178)
	at org.jboss.netty.util.ThreadRenamingRunnable.run(ThreadRenamingRunnable.java:108)
	at org.jboss.netty.util.internal.DeadLockProofWorker$1.run(DeadLockProofWorker.java:42)
	at java.util.concurrent.ThreadPoolExecutor.runWorker(ThreadPoolExecutor.java:1145)
	at java.util.concurrent.ThreadPoolExecutor$Worker.run(ThreadPoolExecutor.java:615)
	at java.lang.Thread.run(Thread.java:745)

   Locked ownable synchronizers:
	- <0x00000000c2025ab0> (a java.util.concurrent.ThreadPoolExecutor$Worker)

"New I/O worker #18" daemon prio=10 tid=0x00007fd5cc1f9000 nid=0x3092 runnable [0x00007fd5991a8000]
   java.lang.Thread.State: RUNNABLE
	at sun.nio.ch.IOUtil.drain(Native Method)
	at sun.nio.ch.EPollSelectorImpl.doSelect(EPollSelectorImpl.java:90)
	- locked <0x00000000c202a388> (a java.lang.Object)
	at sun.nio.ch.SelectorImpl.lockAndDoSelect(SelectorImpl.java:87)
	- locked <0x00000000c202a190> (a sun.nio.ch.Util$2)
	- locked <0x00000000c202a180> (a java.util.Collections$UnmodifiableSet)
	- locked <0x00000000c202a068> (a sun.nio.ch.EPollSelectorImpl)
	at sun.nio.ch.SelectorImpl.select(SelectorImpl.java:98)
	at org.jboss.netty.channel.socket.nio.SelectorUtil.select(SelectorUtil.java:64)
	at org.jboss.netty.channel.socket.nio.AbstractNioSelector.select(AbstractNioSelector.java:409)
	at org.jboss.netty.channel.socket.nio.AbstractNioSelector.run(AbstractNioSelector.java:206)
	at org.jboss.netty.channel.socket.nio.AbstractNioWorker.run(AbstractNioWorker.java:90)
	at org.jboss.netty.channel.socket.nio.NioWorker.run(NioWorker.java:178)
	at org.jboss.netty.util.ThreadRenamingRunnable.run(ThreadRenamingRunnable.java:108)
	at org.jboss.netty.util.internal.DeadLockProofWorker$1.run(DeadLockProofWorker.java:42)
	at java.util.concurrent.ThreadPoolExecutor.runWorker(ThreadPoolExecutor.java:1145)
	at java.util.concurrent.ThreadPoolExecutor$Worker.run(ThreadPoolExecutor.java:615)
	at java.lang.Thread.run(Thread.java:745)

   Locked ownable synchronizers:
	- <0x00000000c2029e78> (a java.util.concurrent.ThreadPoolExecutor$Worker)

"New I/O worker #17" daemon prio=10 tid=0x00007fd5cc0d3800 nid=0x3090 runnable [0x00007fd5992a9000]
   java.lang.Thread.State: RUNNABLE
	at sun.nio.ch.EPollArrayWrapper.epollWait(Native Method)
	at sun.nio.ch.EPollArrayWrapper.poll(EPollArrayWrapper.java:269)
	at sun.nio.ch.EPollSelectorImpl.doSelect(EPollSelectorImpl.java:79)
	at sun.nio.ch.SelectorImpl.lockAndDoSelect(SelectorImpl.java:87)
	- locked <0x00000000c2026318> (a sun.nio.ch.Util$2)
	- locked <0x00000000c2026308> (a java.util.Collections$UnmodifiableSet)
	- locked <0x00000000c20261f0> (a sun.nio.ch.EPollSelectorImpl)
	at sun.nio.ch.SelectorImpl.select(SelectorImpl.java:98)
	at org.jboss.netty.channel.socket.nio.SelectorUtil.select(SelectorUtil.java:64)
	at org.jboss.netty.channel.socket.nio.AbstractNioSelector.select(AbstractNioSelector.java:409)
	at org.jboss.netty.channel.socket.nio.AbstractNioSelector.run(AbstractNioSelector.java:206)
	at org.jboss.netty.channel.socket.nio.AbstractNioWorker.run(AbstractNioWorker.java:90)
	at org.jboss.netty.channel.socket.nio.NioWorker.run(NioWorker.java:178)
	at org.jboss.netty.util.ThreadRenamingRunnable.run(ThreadRenamingRunnable.java:108)
	at org.jboss.netty.util.internal.DeadLockProofWorker$1.run(DeadLockProofWorker.java:42)
	at java.util.concurrent.ThreadPoolExecutor.runWorker(ThreadPoolExecutor.java:1145)
	at java.util.concurrent.ThreadPoolExecutor$Worker.run(ThreadPoolExecutor.java:615)
	at java.lang.Thread.run(Thread.java:745)

   Locked ownable synchronizers:
	- <0x00000000c2026000> (a java.util.concurrent.ThreadPoolExecutor$Worker)

"New I/O worker #14" daemon prio=10 tid=0x00007fd5cc12c800 nid=0x308f runnable [0x00007fd5993aa000]
   java.lang.Thread.State: RUNNABLE
	at sun.nio.ch.EPollArrayWrapper.epollWait(Native Method)
	at sun.nio.ch.EPollArrayWrapper.poll(EPollArrayWrapper.java:269)
	at sun.nio.ch.EPollSelectorImpl.doSelect(EPollSelectorImpl.java:79)
	at sun.nio.ch.SelectorImpl.lockAndDoSelect(SelectorImpl.java:87)
	- locked <0x00000000c2024868> (a sun.nio.ch.Util$2)
	- locked <0x00000000c2024858> (a java.util.Collections$UnmodifiableSet)
	- locked <0x00000000c2024730> (a sun.nio.ch.EPollSelectorImpl)
	at sun.nio.ch.SelectorImpl.select(SelectorImpl.java:98)
	at org.jboss.netty.channel.socket.nio.SelectorUtil.select(SelectorUtil.java:64)
	at org.jboss.netty.channel.socket.nio.AbstractNioSelector.select(AbstractNioSelector.java:409)
	at org.jboss.netty.channel.socket.nio.AbstractNioSelector.run(AbstractNioSelector.java:206)
	at org.jboss.netty.channel.socket.nio.AbstractNioWorker.run(AbstractNioWorker.java:90)
	at org.jboss.netty.channel.socket.nio.NioWorker.run(NioWorker.java:178)
	at org.jboss.netty.util.ThreadRenamingRunnable.run(ThreadRenamingRunnable.java:108)
	at org.jboss.netty.util.internal.DeadLockProofWorker$1.run(DeadLockProofWorker.java:42)
	at java.util.concurrent.ThreadPoolExecutor.runWorker(ThreadPoolExecutor.java:1145)
	at java.util.concurrent.ThreadPoolExecutor$Worker.run(ThreadPoolExecutor.java:615)
	at java.lang.Thread.run(Thread.java:745)

   Locked ownable synchronizers:
	- <0x00000000c2024540> (a java.util.concurrent.ThreadPoolExecutor$Worker)

"New I/O server boss #16" daemon prio=10 tid=0x00007fd5bc06f800 nid=0x308e runnable [0x00007fd5994ab000]
   java.lang.Thread.State: RUNNABLE
	at sun.nio.ch.EPollArrayWrapper.interrupt(Native Method)
	at sun.nio.ch.EPollArrayWrapper.interrupt(EPollArrayWrapper.java:317)
	at sun.nio.ch.EPollSelectorImpl.wakeup(EPollSelectorImpl.java:193)
	- locked <0x00000000c17a6000> (a java.lang.Object)
	at java.nio.channels.spi.AbstractSelector$1.interrupt(AbstractSelector.java:210)
	at java.nio.channels.spi.AbstractSelector.begin(AbstractSelector.java:216)
	at sun.nio.ch.EPollSelectorImpl.doSelect(EPollSelectorImpl.java:78)
	at sun.nio.ch.SelectorImpl.lockAndDoSelect(SelectorImpl.java:87)
	- locked <0x00000000c17a4d48> (a sun.nio.ch.Util$2)
	- locked <0x00000000c17a4d38> (a java.util.Collections$UnmodifiableSet)
	- locked <0x00000000c17a4978> (a sun.nio.ch.EPollSelectorImpl)
	at sun.nio.ch.SelectorImpl.select(SelectorImpl.java:98)
	at sun.nio.ch.SelectorImpl.select(SelectorImpl.java:102)
	at org.jboss.netty.channel.socket.nio.NioServerBoss.select(NioServerBoss.java:163)
	at org.jboss.netty.channel.socket.nio.AbstractNioSelector.run(AbstractNioSelector.java:206)
	at org.jboss.netty.channel.socket.nio.NioServerBoss.run(NioServerBoss.java:42)
	at org.jboss.netty.util.ThreadRenamingRunnable.run(ThreadRenamingRunnable.java:108)
	at org.jboss.netty.util.internal.DeadLockProofWorker$1.run(DeadLockProofWorker.java:42)
	at java.util.concurrent.ThreadPoolExecutor.runWorker(ThreadPoolExecutor.java:1145)
	at java.util.concurrent.ThreadPoolExecutor$Worker.run(ThreadPoolExecutor.java:615)
	at java.lang.Thread.run(Thread.java:745)

   Locked ownable synchronizers:
	- <0x00000000c1799730> (a java.util.concurrent.ThreadPoolExecutor$Worker)

"New I/O worker #15" daemon prio=10 tid=0x00007fd5bc0c1000 nid=0x308d runnable [0x00007fd5995ac000]
   java.lang.Thread.State: RUNNABLE
	at sun.nio.ch.IOUtil.drain(Native Method)
	at sun.nio.ch.EPollSelectorImpl.doSelect(EPollSelectorImpl.java:90)
	- locked <0x00000000c1798c70> (a java.lang.Object)
	at sun.nio.ch.SelectorImpl.lockAndDoSelect(SelectorImpl.java:87)
	- locked <0x00000000c1798a78> (a sun.nio.ch.Util$2)
	- locked <0x00000000c1798a68> (a java.util.Collections$UnmodifiableSet)
	- locked <0x00000000c1798950> (a sun.nio.ch.EPollSelectorImpl)
	at sun.nio.ch.SelectorImpl.select(SelectorImpl.java:98)
	at org.jboss.netty.channel.socket.nio.SelectorUtil.select(SelectorUtil.java:64)
	at org.jboss.netty.channel.socket.nio.AbstractNioSelector.select(AbstractNioSelector.java:409)
	at org.jboss.netty.channel.socket.nio.AbstractNioSelector.run(AbstractNioSelector.java:206)
	at org.jboss.netty.channel.socket.nio.AbstractNioWorker.run(AbstractNioWorker.java:90)
	at org.jboss.netty.channel.socket.nio.NioWorker.run(NioWorker.java:178)
	at org.jboss.netty.util.ThreadRenamingRunnable.run(ThreadRenamingRunnable.java:108)
	at org.jboss.netty.util.internal.DeadLockProofWorker$1.run(DeadLockProofWorker.java:42)
	at java.util.concurrent.ThreadPoolExecutor.runWorker(ThreadPoolExecutor.java:1145)
	at java.util.concurrent.ThreadPoolExecutor$Worker.run(ThreadPoolExecutor.java:615)
	at java.lang.Thread.run(Thread.java:745)

   Locked ownable synchronizers:
	- <0x00000000c1798770> (a java.util.concurrent.ThreadPoolExecutor$Worker)

"New I/O worker #13" daemon prio=10 tid=0x00007fd5bc108000 nid=0x308c runnable [0x00007fd5996ad000]
   java.lang.Thread.State: RUNNABLE
	at sun.nio.ch.EPollArrayWrapper.interrupt(Native Method)
	at sun.nio.ch.EPollArrayWrapper.interrupt(EPollArrayWrapper.java:317)
	at sun.nio.ch.EPollSelectorImpl.wakeup(EPollSelectorImpl.java:193)
	- locked <0x00000000c17991b0> (a java.lang.Object)
	at java.nio.channels.spi.AbstractSelector$1.interrupt(AbstractSelector.java:210)
	at java.nio.channels.spi.AbstractSelector.begin(AbstractSelector.java:216)
	at sun.nio.ch.EPollSelectorImpl.doSelect(EPollSelectorImpl.java:78)
	at sun.nio.ch.SelectorImpl.lockAndDoSelect(SelectorImpl.java:87)
	- locked <0x00000000c1798fb8> (a sun.nio.ch.Util$2)
	- locked <0x00000000c1798fa8> (a java.util.Collections$UnmodifiableSet)
	- locked <0x00000000c1798e90> (a sun.nio.ch.EPollSelectorImpl)
	at sun.nio.ch.SelectorImpl.select(SelectorImpl.java:98)
	at org.jboss.netty.channel.socket.nio.SelectorUtil.select(SelectorUtil.java:64)
	at org.jboss.netty.channel.socket.nio.AbstractNioSelector.select(AbstractNioSelector.java:409)
	at org.jboss.netty.channel.socket.nio.AbstractNioSelector.run(AbstractNioSelector.java:206)
	at org.jboss.netty.channel.socket.nio.AbstractNioWorker.run(AbstractNioWorker.java:90)
	at org.jboss.netty.channel.socket.nio.NioWorker.run(NioWorker.java:178)
	at org.jboss.netty.util.ThreadRenamingRunnable.run(ThreadRenamingRunnable.java:108)
	at org.jboss.netty.util.internal.DeadLockProofWorker$1.run(DeadLockProofWorker.java:42)
	at java.util.concurrent.ThreadPoolExecutor.runWorker(ThreadPoolExecutor.java:1145)
	at java.util.concurrent.ThreadPoolExecutor$Worker.run(ThreadPoolExecutor.java:615)
	at java.lang.Thread.run(Thread.java:745)

   Locked ownable synchronizers:
	- <0x00000000c1798cb0> (a java.util.concurrent.ThreadPoolExecutor$Worker)

"New I/O worker #12" daemon prio=10 tid=0x00007fd5bc21d000 nid=0x308b runnable [0x00007fd5997ae000]
   java.lang.Thread.State: RUNNABLE
	at sun.nio.ch.IOUtil.drain(Native Method)
	at sun.nio.ch.EPollSelectorImpl.doSelect(EPollSelectorImpl.java:90)
	- locked <0x00000000c17a6540> (a java.lang.Object)
	at sun.nio.ch.SelectorImpl.lockAndDoSelect(SelectorImpl.java:87)
	- locked <0x00000000c17a6348> (a sun.nio.ch.Util$2)
	- locked <0x00000000c17a6338> (a java.util.Collections$UnmodifiableSet)
	- locked <0x00000000c17a6220> (a sun.nio.ch.EPollSelectorImpl)
	at sun.nio.ch.SelectorImpl.select(SelectorImpl.java:98)
	at org.jboss.netty.channel.socket.nio.SelectorUtil.select(SelectorUtil.java:64)
	at org.jboss.netty.channel.socket.nio.AbstractNioSelector.select(AbstractNioSelector.java:409)
	at org.jboss.netty.channel.socket.nio.AbstractNioSelector.run(AbstractNioSelector.java:206)
	at org.jboss.netty.channel.socket.nio.AbstractNioWorker.run(AbstractNioWorker.java:90)
	at org.jboss.netty.channel.socket.nio.NioWorker.run(NioWorker.java:178)
	at org.jboss.netty.util.ThreadRenamingRunnable.run(ThreadRenamingRunnable.java:108)
	at org.jboss.netty.util.internal.DeadLockProofWorker$1.run(DeadLockProofWorker.java:42)
	at java.util.concurrent.ThreadPoolExecutor.runWorker(ThreadPoolExecutor.java:1145)
	at java.util.concurrent.ThreadPoolExecutor$Worker.run(ThreadPoolExecutor.java:615)
	at java.lang.Thread.run(Thread.java:745)

   Locked ownable synchronizers:
	- <0x00000000c17a6040> (a java.util.concurrent.ThreadPoolExecutor$Worker)

"New I/O worker #11" daemon prio=10 tid=0x00007fd5bc21c800 nid=0x308a runnable [0x00007fd5998af000]
   java.lang.Thread.State: RUNNABLE
	at sun.nio.ch.IOUtil.drain(Native Method)
	at sun.nio.ch.EPollSelectorImpl.doSelect(EPollSelectorImpl.java:90)
	- locked <0x00000000c17996f0> (a java.lang.Object)
	at sun.nio.ch.SelectorImpl.lockAndDoSelect(SelectorImpl.java:87)
	- locked <0x00000000c17994f8> (a sun.nio.ch.Util$2)
	- locked <0x00000000c17994e8> (a java.util.Collections$UnmodifiableSet)
	- locked <0x00000000c17993d0> (a sun.nio.ch.EPollSelectorImpl)
	at sun.nio.ch.SelectorImpl.select(SelectorImpl.java:98)
	at org.jboss.netty.channel.socket.nio.SelectorUtil.select(SelectorUtil.java:64)
	at org.jboss.netty.channel.socket.nio.AbstractNioSelector.select(AbstractNioSelector.java:409)
	at org.jboss.netty.channel.socket.nio.AbstractNioSelector.run(AbstractNioSelector.java:206)
	at org.jboss.netty.channel.socket.nio.AbstractNioWorker.run(AbstractNioWorker.java:90)
	at org.jboss.netty.channel.socket.nio.NioWorker.run(NioWorker.java:178)
	at org.jboss.netty.util.ThreadRenamingRunnable.run(ThreadRenamingRunnable.java:108)
	at org.jboss.netty.util.internal.DeadLockProofWorker$1.run(DeadLockProofWorker.java:42)
	at java.util.concurrent.ThreadPoolExecutor.runWorker(ThreadPoolExecutor.java:1145)
	at java.util.concurrent.ThreadPoolExecutor$Worker.run(ThreadPoolExecutor.java:615)
	at java.lang.Thread.run(Thread.java:745)

   Locked ownable synchronizers:
	- <0x00000000c17991f0> (a java.util.concurrent.ThreadPoolExecutor$Worker)

"http-/127.0.0.1:8080-Poller" daemon prio=10 tid=0x00007fd5c80f9800 nid=0x307d in Object.wait() [0x00007fd5f0b56000]
   java.lang.Thread.State: TIMED_WAITING (on object monitor)
	at java.lang.Object.wait(Native Method)
	- waiting on <0x00000000c1ca5e50> (a org.apache.tomcat.util.net.JIoEndpoint$Poller)
	at org.apache.tomcat.util.net.JIoEndpoint$Poller.run(JIoEndpoint.java:732)
	- locked <0x00000000c1ca5e50> (a org.apache.tomcat.util.net.JIoEndpoint$Poller)
	at java.lang.Thread.run(Thread.java:745)

   Locked ownable synchronizers:
	- None

"New I/O server boss #10" daemon prio=10 tid=0x00007fd5c018e000 nid=0x263d runnable [0x00007fd59a5e4000]
   java.lang.Thread.State: RUNNABLE
	at sun.nio.ch.EPollSelectorImpl.doSelect(EPollSelectorImpl.java:76)
	at sun.nio.ch.SelectorImpl.lockAndDoSelect(SelectorImpl.java:87)
	- locked <0x00000000c0d4a008> (a sun.nio.ch.Util$2)
	- locked <0x00000000c0d49ff8> (a java.util.Collections$UnmodifiableSet)
	- locked <0x00000000c0d49e90> (a sun.nio.ch.EPollSelectorImpl)
	at sun.nio.ch.SelectorImpl.select(SelectorImpl.java:98)
	at sun.nio.ch.SelectorImpl.select(SelectorImpl.java:102)
	at org.jboss.netty.channel.socket.nio.NioServerBoss.select(NioServerBoss.java:163)
	at org.jboss.netty.channel.socket.nio.AbstractNioSelector.run(AbstractNioSelector.java:206)
	at org.jboss.netty.channel.socket.nio.NioServerBoss.run(NioServerBoss.java:42)
	at org.jboss.netty.util.ThreadRenamingRunnable.run(ThreadRenamingRunnable.java:108)
	at org.jboss.netty.util.internal.DeadLockProofWorker$1.run(DeadLockProofWorker.java:42)
	at java.util.concurrent.ThreadPoolExecutor.runWorker(ThreadPoolExecutor.java:1145)
	at java.util.concurrent.ThreadPoolExecutor$Worker.run(ThreadPoolExecutor.java:615)
	at java.lang.Thread.run(Thread.java:745)

   Locked ownable synchronizers:
	- <0x00000000c0d49c98> (a java.util.concurrent.ThreadPoolExecutor$Worker)

"New I/O worker #9" daemon prio=10 tid=0x00007fd5c016f000 nid=0x263c runnable [0x00007fd59a6e5000]
   java.lang.Thread.State: RUNNABLE
	at sun.nio.ch.EPollArrayWrapper.interrupt(Native Method)
	at sun.nio.ch.EPollArrayWrapper.interrupt(EPollArrayWrapper.java:317)
	at sun.nio.ch.EPollSelectorImpl.wakeup(EPollSelectorImpl.java:193)
	- locked <0x00000000c0d49c58> (a java.lang.Object)
	at java.nio.channels.spi.AbstractSelector$1.interrupt(AbstractSelector.java:210)
	at java.nio.channels.spi.AbstractSelector.begin(AbstractSelector.java:216)
	at sun.nio.ch.EPollSelectorImpl.doSelect(EPollSelectorImpl.java:78)
	at sun.nio.ch.SelectorImpl.lockAndDoSelect(SelectorImpl.java:87)
	- locked <0x00000000c0d48a50> (a sun.nio.ch.Util$2)
	- locked <0x00000000c0d48a40> (a java.util.Collections$UnmodifiableSet)
	- locked <0x00000000c0d48928> (a sun.nio.ch.EPollSelectorImpl)
	at sun.nio.ch.SelectorImpl.select(SelectorImpl.java:98)
	at org.jboss.netty.channel.socket.nio.SelectorUtil.select(SelectorUtil.java:64)
	at org.jboss.netty.channel.socket.nio.AbstractNioSelector.select(AbstractNioSelector.java:409)
	at org.jboss.netty.channel.socket.nio.AbstractNioSelector.run(AbstractNioSelector.java:206)
	at org.jboss.netty.channel.socket.nio.AbstractNioWorker.run(AbstractNioWorker.java:90)
	at org.jboss.netty.channel.socket.nio.NioWorker.run(NioWorker.java:178)
	at org.jboss.netty.util.ThreadRenamingRunnable.run(ThreadRenamingRunnable.java:108)
	at org.jboss.netty.util.internal.DeadLockProofWorker$1.run(DeadLockProofWorker.java:42)
	at java.util.concurrent.ThreadPoolExecutor.runWorker(ThreadPoolExecutor.java:1145)
	at java.util.concurrent.ThreadPoolExecutor$Worker.run(ThreadPoolExecutor.java:615)
	at java.lang.Thread.run(Thread.java:745)

   Locked ownable synchronizers:
	- <0x00000000c0d48730> (a java.util.concurrent.ThreadPoolExecutor$Worker)

"New I/O server boss #8" daemon prio=10 tid=0x00007fd5bc1be000 nid=0x263b runnable [0x00007fd59a7e6000]
   java.lang.Thread.State: RUNNABLE
	at sun.nio.ch.EPollArrayWrapper.epollWait(Native Method)
	at sun.nio.ch.EPollArrayWrapper.poll(EPollArrayWrapper.java:269)
	at sun.nio.ch.EPollSelectorImpl.doSelect(EPollSelectorImpl.java:79)
	at sun.nio.ch.SelectorImpl.lockAndDoSelect(SelectorImpl.java:87)
	- locked <0x00000000c0d588a8> (a sun.nio.ch.Util$2)
	- locked <0x00000000c0d588b8> (a java.util.Collections$UnmodifiableSet)
	- locked <0x00000000c0d58860> (a sun.nio.ch.EPollSelectorImpl)
	at sun.nio.ch.SelectorImpl.select(SelectorImpl.java:98)
	at sun.nio.ch.SelectorImpl.select(SelectorImpl.java:102)
	at org.jboss.netty.channel.socket.nio.NioServerBoss.select(NioServerBoss.java:163)
	at org.jboss.netty.channel.socket.nio.AbstractNioSelector.run(AbstractNioSelector.java:206)
	at org.jboss.netty.channel.socket.nio.NioServerBoss.run(NioServerBoss.java:42)
	at org.jboss.netty.util.ThreadRenamingRunnable.run(ThreadRenamingRunnable.java:108)
	at org.jboss.netty.util.internal.DeadLockProofWorker$1.run(DeadLockProofWorker.java:42)
	at java.util.concurrent.ThreadPoolExecutor.runWorker(ThreadPoolExecutor.java:1145)
	at java.util.concurrent.ThreadPoolExecutor$Worker.run(ThreadPoolExecutor.java:615)
	at java.lang.Thread.run(Thread.java:745)

   Locked ownable synchronizers:
	- <0x00000000c0d4ca70> (a java.util.concurrent.ThreadPoolExecutor$Worker)

"New I/O worker #7" daemon prio=10 tid=0x00007fd5c0150000 nid=0x263a runnable [0x00007fd59a8e7000]
   java.lang.Thread.State: RUNNABLE
	at sun.nio.ch.IOUtil.drain(Native Method)
	at sun.nio.ch.EPollSelectorImpl.doSelect(EPollSelectorImpl.java:90)
	- locked <0x00000000c0d476b8> (a java.lang.Object)
	at sun.nio.ch.SelectorImpl.lockAndDoSelect(SelectorImpl.java:87)
	- locked <0x00000000c0d474c0> (a sun.nio.ch.Util$2)
	- locked <0x00000000c0d474b0> (a java.util.Collections$UnmodifiableSet)
	- locked <0x00000000c0d47398> (a sun.nio.ch.EPollSelectorImpl)
	at sun.nio.ch.SelectorImpl.select(SelectorImpl.java:98)
	at org.jboss.netty.channel.socket.nio.SelectorUtil.select(SelectorUtil.java:64)
	at org.jboss.netty.channel.socket.nio.AbstractNioSelector.select(AbstractNioSelector.java:409)
	at org.jboss.netty.channel.socket.nio.AbstractNioSelector.run(AbstractNioSelector.java:206)
	at org.jboss.netty.channel.socket.nio.AbstractNioWorker.run(AbstractNioWorker.java:90)
	at org.jboss.netty.channel.socket.nio.NioWorker.run(NioWorker.java:178)
	at org.jboss.netty.util.ThreadRenamingRunnable.run(ThreadRenamingRunnable.java:108)
	at org.jboss.netty.util.internal.DeadLockProofWorker$1.run(DeadLockProofWorker.java:42)
	at java.util.concurrent.ThreadPoolExecutor.runWorker(ThreadPoolExecutor.java:1145)
	at java.util.concurrent.ThreadPoolExecutor$Worker.run(ThreadPoolExecutor.java:615)
	at java.lang.Thread.run(Thread.java:745)

   Locked ownable synchronizers:
	- <0x00000000c0d471a0> (a java.util.concurrent.ThreadPoolExecutor$Worker)

"New I/O worker #6" daemon prio=10 tid=0x00007fd5c0131000 nid=0x2639 runnable [0x00007fd59a9e8000]
   java.lang.Thread.State: RUNNABLE
	at sun.nio.ch.EPollArrayWrapper.epollWait(Native Method)
	at sun.nio.ch.EPollArrayWrapper.poll(EPollArrayWrapper.java:269)
	at sun.nio.ch.EPollSelectorImpl.doSelect(EPollSelectorImpl.java:79)
	at sun.nio.ch.SelectorImpl.lockAndDoSelect(SelectorImpl.java:87)
	- locked <0x00000000c0d4a5e0> (a sun.nio.ch.Util$2)
	- locked <0x00000000c0d4a5d0> (a java.util.Collections$UnmodifiableSet)
	- locked <0x00000000c0d4a4b8> (a sun.nio.ch.EPollSelectorImpl)
	at sun.nio.ch.SelectorImpl.select(SelectorImpl.java:98)
	at org.jboss.netty.channel.socket.nio.SelectorUtil.select(SelectorUtil.java:64)
	at org.jboss.netty.channel.socket.nio.AbstractNioSelector.select(AbstractNioSelector.java:409)
	at org.jboss.netty.channel.socket.nio.AbstractNioSelector.run(AbstractNioSelector.java:206)
	at org.jboss.netty.channel.socket.nio.AbstractNioWorker.run(AbstractNioWorker.java:90)
	at org.jboss.netty.channel.socket.nio.NioWorker.run(NioWorker.java:178)
	at org.jboss.netty.util.ThreadRenamingRunnable.run(ThreadRenamingRunnable.java:108)
	at org.jboss.netty.util.internal.DeadLockProofWorker$1.run(DeadLockProofWorker.java:42)
	at java.util.concurrent.ThreadPoolExecutor.runWorker(ThreadPoolExecutor.java:1145)
	at java.util.concurrent.ThreadPoolExecutor$Worker.run(ThreadPoolExecutor.java:615)
	at java.lang.Thread.run(Thread.java:745)

   Locked ownable synchronizers:
	- <0x00000000c0d4a2c0> (a java.util.concurrent.ThreadPoolExecutor$Worker)

"New I/O worker #2" daemon prio=10 tid=0x00007fd5c0112000 nid=0x2638 runnable [0x00007fd59aae9000]
   java.lang.Thread.State: RUNNABLE
	at sun.nio.ch.IOUtil.drain(Native Method)
	at sun.nio.ch.EPollSelectorImpl.doSelect(EPollSelectorImpl.java:90)
	- locked <0x00000000c0d78c30> (a java.lang.Object)
	at sun.nio.ch.SelectorImpl.lockAndDoSelect(SelectorImpl.java:87)
	- locked <0x00000000c0d78c88> (a sun.nio.ch.Util$2)
	- locked <0x00000000c0d78c98> (a java.util.Collections$UnmodifiableSet)
	- locked <0x00000000c0d78c40> (a sun.nio.ch.EPollSelectorImpl)
	at sun.nio.ch.SelectorImpl.select(SelectorImpl.java:98)
	at org.jboss.netty.channel.socket.nio.SelectorUtil.select(SelectorUtil.java:64)
	at org.jboss.netty.channel.socket.nio.AbstractNioSelector.select(AbstractNioSelector.java:409)
	at org.jboss.netty.channel.socket.nio.AbstractNioSelector.run(AbstractNioSelector.java:206)
	at org.jboss.netty.channel.socket.nio.AbstractNioWorker.run(AbstractNioWorker.java:90)
	at org.jboss.netty.channel.socket.nio.NioWorker.run(NioWorker.java:178)
	at org.jboss.netty.util.ThreadRenamingRunnable.run(ThreadRenamingRunnable.java:108)
	at org.jboss.netty.util.internal.DeadLockProofWorker$1.run(DeadLockProofWorker.java:42)
	at java.util.concurrent.ThreadPoolExecutor.runWorker(ThreadPoolExecutor.java:1145)
	at java.util.concurrent.ThreadPoolExecutor$Worker.run(ThreadPoolExecutor.java:615)
	at java.lang.Thread.run(Thread.java:745)

   Locked ownable synchronizers:
	- <0x00000000c0d46fd8> (a java.util.concurrent.ThreadPoolExecutor$Worker)

"New I/O worker #5" daemon prio=10 tid=0x00007fd5bc1aa000 nid=0x2637 runnable [0x00007fd59abea000]
   java.lang.Thread.State: RUNNABLE
	at sun.nio.ch.EPollArrayWrapper.epollWait(Native Method)
	at sun.nio.ch.EPollArrayWrapper.poll(EPollArrayWrapper.java:269)
	at sun.nio.ch.EPollSelectorImpl.doSelect(EPollSelectorImpl.java:79)
	at sun.nio.ch.SelectorImpl.lockAndDoSelect(SelectorImpl.java:87)
	- locked <0x00000000c0d7a170> (a sun.nio.ch.Util$2)
	- locked <0x00000000c0d7a180> (a java.util.Collections$UnmodifiableSet)
	- locked <0x00000000c0d7a128> (a sun.nio.ch.EPollSelectorImpl)
	at sun.nio.ch.SelectorImpl.select(SelectorImpl.java:98)
	at org.jboss.netty.channel.socket.nio.SelectorUtil.select(SelectorUtil.java:64)
	at org.jboss.netty.channel.socket.nio.AbstractNioSelector.select(AbstractNioSelector.java:409)
	at org.jboss.netty.channel.socket.nio.AbstractNioSelector.run(AbstractNioSelector.java:206)
	at org.jboss.netty.channel.socket.nio.AbstractNioWorker.run(AbstractNioWorker.java:90)
	at org.jboss.netty.channel.socket.nio.NioWorker.run(NioWorker.java:178)
	at org.jboss.netty.util.ThreadRenamingRunnable.run(ThreadRenamingRunnable.java:108)
	at org.jboss.netty.util.internal.DeadLockProofWorker$1.run(DeadLockProofWorker.java:42)
	at java.util.concurrent.ThreadPoolExecutor.runWorker(ThreadPoolExecutor.java:1145)
	at java.util.concurrent.ThreadPoolExecutor$Worker.run(ThreadPoolExecutor.java:615)
	at java.lang.Thread.run(Thread.java:745)

   Locked ownable synchronizers:
	- <0x00000000c0d4d1b8> (a java.util.concurrent.ThreadPoolExecutor$Worker)

"New I/O worker #4" daemon prio=10 tid=0x00007fd5bc18b000 nid=0x2636 runnable [0x00007fd59aceb000]
   java.lang.Thread.State: RUNNABLE
	at sun.nio.ch.EPollArrayWrapper.interrupt(Native Method)
	at sun.nio.ch.EPollArrayWrapper.interrupt(EPollArrayWrapper.java:317)
	at sun.nio.ch.EPollSelectorImpl.wakeup(EPollSelectorImpl.java:193)
	- locked <0x00000000c0d4d178> (a java.lang.Object)
	at java.nio.channels.spi.AbstractSelector$1.interrupt(AbstractSelector.java:210)
	at java.nio.channels.spi.AbstractSelector.begin(AbstractSelector.java:216)
	at sun.nio.ch.EPollSelectorImpl.doSelect(EPollSelectorImpl.java:78)
	at sun.nio.ch.SelectorImpl.lockAndDoSelect(SelectorImpl.java:87)
	- locked <0x00000000c0d4cf80> (a sun.nio.ch.Util$2)
	- locked <0x00000000c0d4cf70> (a java.util.Collections$UnmodifiableSet)
	- locked <0x00000000c0d4ce58> (a sun.nio.ch.EPollSelectorImpl)
	at sun.nio.ch.SelectorImpl.select(SelectorImpl.java:98)
	at org.jboss.netty.channel.socket.nio.SelectorUtil.select(SelectorUtil.java:64)
	at org.jboss.netty.channel.socket.nio.AbstractNioSelector.select(AbstractNioSelector.java:409)
	at org.jboss.netty.channel.socket.nio.AbstractNioSelector.run(AbstractNioSelector.java:206)
	at org.jboss.netty.channel.socket.nio.AbstractNioWorker.run(AbstractNioWorker.java:90)
	at org.jboss.netty.channel.socket.nio.NioWorker.run(NioWorker.java:178)
	at org.jboss.netty.util.ThreadRenamingRunnable.run(ThreadRenamingRunnable.java:108)
	at org.jboss.netty.util.internal.DeadLockProofWorker$1.run(DeadLockProofWorker.java:42)
	at java.util.concurrent.ThreadPoolExecutor.runWorker(ThreadPoolExecutor.java:1145)
	at java.util.concurrent.ThreadPoolExecutor$Worker.run(ThreadPoolExecutor.java:615)
	at java.lang.Thread.run(Thread.java:745)

   Locked ownable synchronizers:
	- <0x00000000c0d4cc78> (a java.util.concurrent.ThreadPoolExecutor$Worker)

"New I/O worker #3" daemon prio=10 tid=0x00007fd5bc14e800 nid=0x2635 runnable [0x00007fd59adec000]
   java.lang.Thread.State: RUNNABLE
	at sun.nio.ch.EPollArrayWrapper.interrupt(Native Method)
	at sun.nio.ch.EPollArrayWrapper.interrupt(EPollArrayWrapper.java:317)
	at sun.nio.ch.EPollSelectorImpl.wakeup(EPollSelectorImpl.java:193)
	- locked <0x00000000c0d4fe88> (a java.lang.Object)
	at java.nio.channels.spi.AbstractSelector$1.interrupt(AbstractSelector.java:210)
	at java.nio.channels.spi.AbstractSelector.begin(AbstractSelector.java:216)
	at sun.nio.ch.EPollSelectorImpl.doSelect(EPollSelectorImpl.java:78)
	at sun.nio.ch.SelectorImpl.lockAndDoSelect(SelectorImpl.java:87)
	- locked <0x00000000c0d4fc90> (a sun.nio.ch.Util$2)
	- locked <0x00000000c0d4fc80> (a java.util.Collections$UnmodifiableSet)
	- locked <0x00000000c0d4fb68> (a sun.nio.ch.EPollSelectorImpl)
	at sun.nio.ch.SelectorImpl.select(SelectorImpl.java:98)
	at org.jboss.netty.channel.socket.nio.SelectorUtil.select(SelectorUtil.java:64)
	at org.jboss.netty.channel.socket.nio.AbstractNioSelector.select(AbstractNioSelector.java:409)
	at org.jboss.netty.channel.socket.nio.AbstractNioSelector.run(AbstractNioSelector.java:206)
	at org.jboss.netty.channel.socket.nio.AbstractNioWorker.run(AbstractNioWorker.java:90)
	at org.jboss.netty.channel.socket.nio.NioWorker.run(NioWorker.java:178)
	at org.jboss.netty.util.ThreadRenamingRunnable.run(ThreadRenamingRunnable.java:108)
	at org.jboss.netty.util.internal.DeadLockProofWorker$1.run(DeadLockProofWorker.java:42)
	at java.util.concurrent.ThreadPoolExecutor.runWorker(ThreadPoolExecutor.java:1145)
	at java.util.concurrent.ThreadPoolExecutor$Worker.run(ThreadPoolExecutor.java:615)
	at java.lang.Thread.run(Thread.java:745)

   Locked ownable synchronizers:
	- <0x00000000c0d4f988> (a java.util.concurrent.ThreadPoolExecutor$Worker)

"New I/O worker #1" daemon prio=10 tid=0x00007fd5bc13c800 nid=0x2634 runnable [0x00007fd59aeed000]
   java.lang.Thread.State: RUNNABLE
	at sun.nio.ch.IOUtil.drain(Native Method)
	at sun.nio.ch.EPollSelectorImpl.doSelect(EPollSelectorImpl.java:90)
	- locked <0x00000000c0d4f948> (a java.lang.Object)
	at sun.nio.ch.SelectorImpl.lockAndDoSelect(SelectorImpl.java:87)
	- locked <0x00000000c0d4d6e0> (a sun.nio.ch.Util$2)
	- locked <0x00000000c0d4d6d0> (a java.util.Collections$UnmodifiableSet)
	- locked <0x00000000c0d4d5b8> (a sun.nio.ch.EPollSelectorImpl)
	at sun.nio.ch.SelectorImpl.select(SelectorImpl.java:98)
	at org.jboss.netty.channel.socket.nio.SelectorUtil.select(SelectorUtil.java:64)
	at org.jboss.netty.channel.socket.nio.AbstractNioSelector.select(AbstractNioSelector.java:409)
	at org.jboss.netty.channel.socket.nio.AbstractNioSelector.run(AbstractNioSelector.java:206)
	at org.jboss.netty.channel.socket.nio.AbstractNioWorker.run(AbstractNioWorker.java:90)
	at org.jboss.netty.channel.socket.nio.NioWorker.run(NioWorker.java:178)
	at org.jboss.netty.util.ThreadRenamingRunnable.run(ThreadRenamingRunnable.java:108)
	at org.jboss.netty.util.internal.DeadLockProofWorker$1.run(DeadLockProofWorker.java:42)
	at java.util.concurrent.ThreadPoolExecutor.runWorker(ThreadPoolExecutor.java:1145)
	at java.util.concurrent.ThreadPoolExecutor$Worker.run(ThreadPoolExecutor.java:615)
	at java.lang.Thread.run(Thread.java:745)

   Locked ownable synchronizers:
	- <0x00000000c0d4d3b8> (a java.util.concurrent.ThreadPoolExecutor$Worker)

"BufferManager Cleaner" daemon prio=10 tid=0x00007fd5cc1a4000 nid=0x2628 in Object.wait() [0x00007fd59baf9000]
   java.lang.Thread.State: TIMED_WAITING (on object monitor)
	at java.lang.Object.wait(Native Method)
	- waiting on <0x00000000c1b5c430> (a org.teiid.common.buffer.impl.BufferManagerImpl$Cleaner)
	at org.teiid.common.buffer.impl.BufferManagerImpl$Cleaner.run(BufferManagerImpl.java:121)
	- locked <0x00000000c1b5c430> (a org.teiid.common.buffer.impl.BufferManagerImpl$Cleaner)
	at java.util.TimerThread.mainLoop(Timer.java:555)
	at java.util.TimerThread.run(Timer.java:505)

   Locked ownable synchronizers:
	- None

"Transaction Reaper Worker 0" daemon prio=10 tid=0x00007fd5cc17c800 nid=0x2627 in Object.wait() [0x00007fd59bbfa000]
   java.lang.Thread.State: WAITING (on object monitor)
	at java.lang.Object.wait(Native Method)
	- waiting on <0x00000000c0d7bb78> (a java.util.LinkedList)
	at java.lang.Object.wait(Object.java:503)
	at com.arjuna.ats.arjuna.coordinator.TransactionReaper.waitForCancellations(TransactionReaper.java:321)
	- locked <0x00000000c0d7bb78> (a java.util.LinkedList)
	at com.arjuna.ats.internal.arjuna.coordinator.ReaperWorkerThread.run(ReaperWorkerThread.java:65)

   Locked ownable synchronizers:
	- None

"Transaction Reaper" daemon prio=10 tid=0x00007fd5cc17a800 nid=0x2626 in Object.wait() [0x00007fd59bcfb000]
   java.lang.Thread.State: TIMED_WAITING (on object monitor)
	at java.lang.Object.wait(Native Method)
	- waiting on <0x00000000c0d7bb98> (a com.arjuna.ats.arjuna.coordinator.TransactionReaper)
	at com.arjuna.ats.internal.arjuna.coordinator.ReaperThread.run(ReaperThread.java:90)
	- locked <0x00000000c0d7bb98> (a com.arjuna.ats.arjuna.coordinator.TransactionReaper)

   Locked ownable synchronizers:
	- None

"http-/127.0.0.1:8080-Acceptor-0" daemon prio=10 tid=0x00007fd5d0143800 nid=0x2624 waiting on condition [0x00007fd59befd000]
   java.lang.Thread.State: TIMED_WAITING (sleeping)
	at java.lang.Thread.sleep(Native Method)
	at org.apache.tomcat.util.net.JIoEndpoint$Acceptor.run(JIoEndpoint.java:301)
	at java.lang.Thread.run(Thread.java:745)

   Locked ownable synchronizers:
	- None

"http-/127.0.0.1:8080-Poller" daemon prio=10 tid=0x00007fd5d0137800 nid=0x2623 in Object.wait() [0x00007fd59bffe000]
   java.lang.Thread.State: TIMED_WAITING (on object monitor)
	at java.lang.Object.wait(Native Method)
	- waiting on <0x00000000c0d7c860> (a org.apache.tomcat.util.net.JIoEndpoint$Poller)
	at org.apache.tomcat.util.net.JIoEndpoint$Poller.run(JIoEndpoint.java:732)
	- locked <0x00000000c0d7c860> (a org.apache.tomcat.util.net.JIoEndpoint$Poller)
	at java.lang.Thread.run(Thread.java:745)

   Locked ownable synchronizers:
	- None

"DestroyJavaVM" prio=10 tid=0x00007fd628009000 nid=0x25cc waiting on condition [0x0000000000000000]
   java.lang.Thread.State: RUNNABLE

   Locked ownable synchronizers:
	- None

"MSC service thread 1-8" prio=10 tid=0x00007fd5c4001800 nid=0x25e1 waiting on condition [0x00007fd616965000]
   java.lang.Thread.State: WAITING (parking)
	at sun.misc.Unsafe.park(Native Method)
	- parking to wait for  <0x00000000c0a5dd88> (a java.util.concurrent.locks.AbstractQueuedSynchronizer$ConditionObject)
	at java.util.concurrent.locks.LockSupport.park(LockSupport.java:186)
	at java.util.concurrent.locks.AbstractQueuedSynchronizer$ConditionObject.await(AbstractQueuedSynchronizer.java:2043)
	at java.util.concurrent.LinkedBlockingQueue.take(LinkedBlockingQueue.java:442)
	at java.util.concurrent.ThreadPoolExecutor.getTask(ThreadPoolExecutor.java:1068)
	at java.util.concurrent.ThreadPoolExecutor.runWorker(ThreadPoolExecutor.java:1130)
	at java.util.concurrent.ThreadPoolExecutor$Worker.run(ThreadPoolExecutor.java:615)
	at java.lang.Thread.run(Thread.java:745)

   Locked ownable synchronizers:
	- None

"MSC service thread 1-7" prio=10 tid=0x00007fd628551800 nid=0x25e0 waiting on condition [0x00007fd616a66000]
   java.lang.Thread.State: WAITING (parking)
	at sun.misc.Unsafe.park(Native Method)
	- parking to wait for  <0x00000000c0a5dd88> (a java.util.concurrent.locks.AbstractQueuedSynchronizer$ConditionObject)
	at java.util.concurrent.locks.LockSupport.park(LockSupport.java:186)
	at java.util.concurrent.locks.AbstractQueuedSynchronizer$ConditionObject.await(AbstractQueuedSynchronizer.java:2043)
	at java.util.concurrent.LinkedBlockingQueue.take(LinkedBlockingQueue.java:442)
	at java.util.concurrent.ThreadPoolExecutor.getTask(ThreadPoolExecutor.java:1068)
	at java.util.concurrent.ThreadPoolExecutor.runWorker(ThreadPoolExecutor.java:1130)
	at java.util.concurrent.ThreadPoolExecutor$Worker.run(ThreadPoolExecutor.java:615)
	at java.lang.Thread.run(Thread.java:745)

   Locked ownable synchronizers:
	- None

"MSC service thread 1-6" prio=10 tid=0x00007fd62854f800 nid=0x25df waiting on condition [0x00007fd616b67000]
   java.lang.Thread.State: WAITING (parking)
	at sun.misc.Unsafe.park(Native Method)
	- parking to wait for  <0x00000000c0a5dd88> (a java.util.concurrent.locks.AbstractQueuedSynchronizer$ConditionObject)
	at java.util.concurrent.locks.LockSupport.park(LockSupport.java:186)
	at java.util.concurrent.locks.AbstractQueuedSynchronizer$ConditionObject.await(AbstractQueuedSynchronizer.java:2043)
	at java.util.concurrent.LinkedBlockingQueue.take(LinkedBlockingQueue.java:442)
	at java.util.concurrent.ThreadPoolExecutor.getTask(ThreadPoolExecutor.java:1068)
	at java.util.concurrent.ThreadPoolExecutor.runWorker(ThreadPoolExecutor.java:1130)
	at java.util.concurrent.ThreadPoolExecutor$Worker.run(ThreadPoolExecutor.java:615)
	at java.lang.Thread.run(Thread.java:745)

   Locked ownable synchronizers:
	- None

"MSC service thread 1-5" prio=10 tid=0x00007fd5d8001800 nid=0x25de waiting on condition [0x00007fd616c68000]
   java.lang.Thread.State: WAITING (parking)
	at sun.misc.Unsafe.park(Native Method)
	- parking to wait for  <0x00000000c0a5dd88> (a java.util.concurrent.locks.AbstractQueuedSynchronizer$ConditionObject)
	at java.util.concurrent.locks.LockSupport.park(LockSupport.java:186)
	at java.util.concurrent.locks.AbstractQueuedSynchronizer$ConditionObject.await(AbstractQueuedSynchronizer.java:2043)
	at java.util.concurrent.LinkedBlockingQueue.take(LinkedBlockingQueue.java:442)
	at java.util.concurrent.ThreadPoolExecutor.getTask(ThreadPoolExecutor.java:1068)
	at java.util.concurrent.ThreadPoolExecutor.runWorker(ThreadPoolExecutor.java:1130)
	at java.util.concurrent.ThreadPoolExecutor$Worker.run(ThreadPoolExecutor.java:615)
	at java.lang.Thread.run(Thread.java:745)

   Locked ownable synchronizers:
	- None

"MSC service thread 1-4" prio=10 tid=0x00007fd5cc001000 nid=0x25dd waiting on condition [0x00007fd616d69000]
   java.lang.Thread.State: WAITING (parking)
	at sun.misc.Unsafe.park(Native Method)
	- parking to wait for  <0x00000000c0a5dd88> (a java.util.concurrent.locks.AbstractQueuedSynchronizer$ConditionObject)
	at java.util.concurrent.locks.LockSupport.park(LockSupport.java:186)
	at java.util.concurrent.locks.AbstractQueuedSynchronizer$ConditionObject.await(AbstractQueuedSynchronizer.java:2043)
	at java.util.concurrent.LinkedBlockingQueue.take(LinkedBlockingQueue.java:442)
	at java.util.concurrent.ThreadPoolExecutor.getTask(ThreadPoolExecutor.java:1068)
	at java.util.concurrent.ThreadPoolExecutor.runWorker(ThreadPoolExecutor.java:1130)
	at java.util.concurrent.ThreadPoolExecutor$Worker.run(ThreadPoolExecutor.java:615)
	at java.lang.Thread.run(Thread.java:745)

   Locked ownable synchronizers:
	- None

"MSC service thread 1-3" prio=10 tid=0x00007fd62854c000 nid=0x25dc waiting on condition [0x00007fd616e6a000]
   java.lang.Thread.State: WAITING (parking)
	at sun.misc.Unsafe.park(Native Method)
	- parking to wait for  <0x00000000c0a5dd88> (a java.util.concurrent.locks.AbstractQueuedSynchronizer$ConditionObject)
	at java.util.concurrent.locks.LockSupport.park(LockSupport.java:186)
	at java.util.concurrent.locks.AbstractQueuedSynchronizer$ConditionObject.await(AbstractQueuedSynchronizer.java:2043)
	at java.util.concurrent.LinkedBlockingQueue.take(LinkedBlockingQueue.java:442)
	at java.util.concurrent.ThreadPoolExecutor.getTask(ThreadPoolExecutor.java:1068)
	at java.util.concurrent.ThreadPoolExecutor.runWorker(ThreadPoolExecutor.java:1130)
	at java.util.concurrent.ThreadPoolExecutor$Worker.run(ThreadPoolExecutor.java:615)
	at java.lang.Thread.run(Thread.java:745)

   Locked ownable synchronizers:
	- None

"MSC service thread 1-2" prio=10 tid=0x00007fd5d4002000 nid=0x25db waiting on condition [0x00007fd616f6b000]
   java.lang.Thread.State: WAITING (parking)
	at sun.misc.Unsafe.park(Native Method)
	- parking to wait for  <0x00000000c0a5dd88> (a java.util.concurrent.locks.AbstractQueuedSynchronizer$ConditionObject)
	at java.util.concurrent.locks.LockSupport.park(LockSupport.java:186)
	at java.util.concurrent.locks.AbstractQueuedSynchronizer$ConditionObject.await(AbstractQueuedSynchronizer.java:2043)
	at java.util.concurrent.LinkedBlockingQueue.take(LinkedBlockingQueue.java:442)
	at java.util.concurrent.ThreadPoolExecutor.getTask(ThreadPoolExecutor.java:1068)
	at java.util.concurrent.ThreadPoolExecutor.runWorker(ThreadPoolExecutor.java:1130)
	at java.util.concurrent.ThreadPoolExecutor$Worker.run(ThreadPoolExecutor.java:615)
	at java.lang.Thread.run(Thread.java:745)

   Locked ownable synchronizers:
	- None

"MSC service thread 1-1" prio=10 tid=0x00007fd62854a800 nid=0x25da waiting on condition [0x00007fd61706c000]
   java.lang.Thread.State: WAITING (parking)
	at sun.misc.Unsafe.park(Native Method)
	- parking to wait for  <0x00000000c0a5dd88> (a java.util.concurrent.locks.AbstractQueuedSynchronizer$ConditionObject)
	at java.util.concurrent.locks.LockSupport.park(LockSupport.java:186)
	at java.util.concurrent.locks.AbstractQueuedSynchronizer$ConditionObject.await(AbstractQueuedSynchronizer.java:2043)
	at java.util.concurrent.LinkedBlockingQueue.take(LinkedBlockingQueue.java:442)
	at java.util.concurrent.ThreadPoolExecutor.getTask(ThreadPoolExecutor.java:1068)
	at java.util.concurrent.ThreadPoolExecutor.runWorker(ThreadPoolExecutor.java:1130)
	at java.util.concurrent.ThreadPoolExecutor$Worker.run(ThreadPoolExecutor.java:615)
	at java.lang.Thread.run(Thread.java:745)

   Locked ownable synchronizers:
	- None

"Reference Reaper" daemon prio=10 tid=0x00007fd6281c7000 nid=0x25d9 in Object.wait() [0x00007fd6177f6000]
   java.lang.Thread.State: WAITING (on object monitor)
	at java.lang.Object.wait(Native Method)
	- waiting on <0x00000000c06174c0> (a java.lang.ref.ReferenceQueue$Lock)
	at java.lang.ref.ReferenceQueue.remove(ReferenceQueue.java:135)
	- locked <0x00000000c06174c0> (a java.lang.ref.ReferenceQueue$Lock)
	at java.lang.ref.ReferenceQueue.remove(ReferenceQueue.java:151)
	at org.jboss.modules.ref.References$ReaperThread.run(References.java:68)

   Locked ownable synchronizers:
	- None

"Service Thread" daemon prio=10 tid=0x00007fd62815c800 nid=0x25d7 runnable [0x0000000000000000]
   java.lang.Thread.State: RUNNABLE

   Locked ownable synchronizers:
	- None

"C2 CompilerThread1" daemon prio=10 tid=0x00007fd62815a000 nid=0x25d6 waiting on condition [0x0000000000000000]
   java.lang.Thread.State: RUNNABLE

   Locked ownable synchronizers:
	- None

"C2 CompilerThread0" daemon prio=10 tid=0x00007fd628157000 nid=0x25d5 waiting on condition [0x0000000000000000]
   java.lang.Thread.State: RUNNABLE

   Locked ownable synchronizers:
	- None

"Signal Dispatcher" daemon prio=10 tid=0x00007fd628155800 nid=0x25d4 runnable [0x0000000000000000]
   java.lang.Thread.State: RUNNABLE

   Locked ownable synchronizers:
	- None

"Finalizer" daemon prio=10 tid=0x00007fd628136000 nid=0x25d3 in Object.wait() [0x00007fd617dfc000]
   java.lang.Thread.State: WAITING (on object monitor)
	at java.lang.Object.wait(Native Method)
	- waiting on <0x00000000c09387c8> (a java.lang.ref.ReferenceQueue$Lock)
	at java.lang.ref.ReferenceQueue.remove(ReferenceQueue.java:135)
	- locked <0x00000000c09387c8> (a java.lang.ref.ReferenceQueue$Lock)
	at java.lang.ref.ReferenceQueue.remove(ReferenceQueue.java:151)
	at java.lang.ref.Finalizer$FinalizerThread.run(Finalizer.java:209)

   Locked ownable synchronizers:
	- None

"Reference Handler" daemon prio=10 tid=0x00007fd628134000 nid=0x25d2 in Object.wait() [0x00007fd617efd000]
   java.lang.Thread.State: WAITING (on object monitor)
	at java.lang.Object.wait(Native Method)
	- waiting on <0x00000000c02bb7c8> (a java.lang.ref.Reference$Lock)
	at java.lang.Object.wait(Object.java:503)
	at java.lang.ref.Reference$ReferenceHandler.run(Reference.java:133)
	- locked <0x00000000c02bb7c8> (a java.lang.ref.Reference$Lock)

   Locked ownable synchronizers:
	- None

"VM Thread" prio=10 tid=0x00007fd62812f800 nid=0x25d1 runnable 

"GC task thread#0 (ParallelGC)" prio=10 tid=0x00007fd62801e800 nid=0x25cd runnable 

"GC task thread#1 (ParallelGC)" prio=10 tid=0x00007fd628020800 nid=0x25ce runnable 

"GC task thread#2 (ParallelGC)" prio=10 tid=0x00007fd628022800 nid=0x25cf runnable 

"GC task thread#3 (ParallelGC)" prio=10 tid=0x00007fd628024800 nid=0x25d0 runnable 

"VM Periodic Task Thread" prio=10 tid=0x00007fd628167000 nid=0x25d8 waiting on condition 

JNI global references: 564

